#
# A fatal error has been detected by the Java Runtime Environment:
#
#  EXCEPTION_ACCESS_VIOLATION (0xc0000005) at pc=0x000000005a7a3708, pid=6708, tid=0x0000000000002928
#
# JRE version: Java(TM) SE Runtime Environment (8.0_191-b12) (build 1.8.0_191-b12)
# Java VM: Java HotSpot(TM) 64-Bit Server VM (25.191-b12 mixed mode windows-amd64 compressed oops)
# Problematic frame:
# V  [jvm.dll+0x43708]
#
# Failed to write core dump. Minidumps are not enabled by default on client versions of Windows
#
# If you would like to submit a bug report, please visit:
#   http://bugreport.java.com/bugreport/crash.jsp
#

---------------  T H R E A D  ---------------

Current thread (0x0000000017b60800):  JavaThread "C2 CompilerThread1" daemon [_thread_in_vm, id=10536, stack(0x0000000017f60000,0x0000000018060000)]

siginfo: ExceptionCode=0xc0000005, reading address 0x000000000000010d

Registers:
RAX=0x0000000017b60800, RBX=0x00000000eed735f0, RCX=0x00000000eed735f0, RDX=0x00000000eed735f0
RSP=0x000000001805b6b0, RBP=0x000000001dbf1c80, RSI=0x00000000eed735f0, RDI=0x0000000000000000
R8 =0x0000000000000105, R9 =0x0000000000000147, R10=0x000000001dbf1eb0, R11=0x000000001f404fd0
R12=0x0000000017b60800, R13=0x000000001dbf1c80, R14=0x00000000272909c0, R15=0x0000000027295810
RIP=0x000000005a7a3708, EFLAGS=0x0000000000010202

Top of Stack: (sp=0x000000001805b6b0)
0x000000001805b6b0:   0000000000000000 000000001f40c401
0x000000001805b6c0:   0000000017b60800 000000001805f878
0x000000001805b6d0:   000000002535ad08 000000005a977cdf
0x000000001805b6e0:   000000002535ad08 0000000017b60800
0x000000001805b6f0:   000000000000020f 000000005a7a3a99
0x000000001805b700:   000000001cd6f660 000000005a84dcbb
0x000000001805b710:   0000000000000147 0000000027295860
0x000000001805b720:   00000000163c6df0 0000000027295850
0x000000001805b730:   0000000000000001 000000005a79f780
0x000000001805b740:   0000000027295860 00000000eed735f0
0x000000001805b750:   0000000000000018 0000000017b60800
0x000000001805b760:   0000000027295860 000000005a7a06e1
0x000000001805b770:   0000000000000010 000000001cd6f660
0x000000001805b780:   0000000027295850 0000000025411df0
0x000000001805b790:   00000000276ec520 000000001d9326f0
0x000000001805b7a0:   0000000000000001 0000000017b60800 

Instructions: (pc=0x000000005a7a3708)
0x000000005a7a36e8:   00 48 8b da ff 15 fe dc 59 00 44 0f b6 05 0a 6f
0x000000005a7a36f8:   7b 00 4c 8b e0 45 84 c0 74 39 4c 8b 03 48 8b cb
0x000000005a7a3708:   41 ff 50 08 84 c0 74 2b 83 7b 08 00 7e 25 0f b6
0x000000005a7a3718:   83 0e 01 00 00 c0 e8 03 a8 01 74 17 48 8b 03 48 


Register to memory mapping:

RAX=0x0000000017b60800 is a thread
RBX=0x00000000eed735f0 is an oop
java.util.LinkedList 
 - klass: 'java/util/LinkedList'
RCX=0x00000000eed735f0 is an oop
java.util.LinkedList 
 - klass: 'java/util/LinkedList'
RDX=0x00000000eed735f0 is an oop
java.util.LinkedList 
 - klass: 'java/util/LinkedList'
RSP=0x000000001805b6b0 is pointing into the stack for thread: 0x0000000017b60800
RBP=0x000000001dbf1c80 is an unknown value
RSI=0x00000000eed735f0 is an oop
java.util.LinkedList 
 - klass: 'java/util/LinkedList'
RDI=0x0000000000000000 is an unknown value
R8 =0x0000000000000105 is an unknown value
R9 =0x0000000000000147 is an unknown value
R10=0x000000001dbf1eb0 is an unknown value
R11=0x000000001f404fd0 is an unknown value
R12=0x0000000017b60800 is a thread
R13=0x000000001dbf1c80 is an unknown value
R14=0x00000000272909c0 is an unknown value
R15=0x0000000027295810 is an unknown value


Stack: [0x0000000017f60000,0x0000000018060000],  sp=0x000000001805b6b0,  free space=1005k
Native frames: (J=compiled Java code, j=interpreted, Vv=VM code, C=native code)
V  [jvm.dll+0x43708]
V  [jvm.dll+0x43a99]
V  [jvm.dll+0x3f780]
V  [jvm.dll+0x406e1]
V  [jvm.dll+0x3b451]
V  [jvm.dll+0x2c4c9]
V  [jvm.dll+0x29966]
V  [jvm.dll+0x2b363]
V  [jvm.dll+0x2bd16]
V  [jvm.dll+0x2c03e]
V  [jvm.dll+0x2c321]
V  [jvm.dll+0x2c6d6]
V  [jvm.dll+0x394b6]
V  [jvm.dll+0x487505]
V  [jvm.dll+0x48a1dd]
V  [jvm.dll+0x48b3da]
V  [jvm.dll+0x48bbf3]
V  [jvm.dll+0x478236]
V  [jvm.dll+0x4798b3]
V  [jvm.dll+0x45c162]
V  [jvm.dll+0xa6c82]
V  [jvm.dll+0xa75cf]
V  [jvm.dll+0x2461df]
V  [jvm.dll+0x29eb9a]
C  [msvcr100.dll+0x21d9f]
C  [msvcr100.dll+0x21e3b]
C  [KERNEL32.DLL+0x17bd4]
C  [ntdll.dll+0x6ced1]


Current CompileTask:
C2:25575910 28133 %     4       com.android.tools.r8.ir.conversion.I::a @ 325 (945 bytes)


---------------  P R O C E S S  ---------------

Java Threads: ( => current thread )
  0x0000000023946000 JavaThread "WorkerExecutor Queue Thread 3" [_thread_blocked, id=9248, stack(0x00000000278f0000,0x00000000279f0000)]
  0x000000002394d000 JavaThread "WorkerExecutor Queue Thread 2" [_thread_in_Java, id=1880, stack(0x00000000277f0000,0x00000000278f0000)]
  0x000000002394c000 JavaThread "WorkerExecutor Queue" [_thread_in_native, id=11164, stack(0x00000000276f0000,0x00000000277f0000)]
  0x0000000023947000 JavaThread "Cache worker for Java compile cache (E:\Android\AndroidProjects\MobileBattery\.gradle\5.4.1\javaCompile)" [_thread_blocked, id=8488, stack(0x0000000026200000,0x0000000026300000)]
  0x0000000023945800 JavaThread "Cache worker for execution history cache (E:\Android\AndroidProjects\MobileBattery\.gradle\5.4.1\executionHistory)" [_thread_blocked, id=11004, stack(0x0000000025f00000,0x0000000026000000)]
  0x0000000023948800 JavaThread "Execution worker for ':' Thread 3" [_thread_blocked, id=14260, stack(0x0000000025700000,0x0000000025800000)]
  0x000000002394a000 JavaThread "Execution worker for ':' Thread 2" [_thread_blocked, id=112, stack(0x0000000025000000,0x0000000025100000)]
  0x0000000023949000 JavaThread "Execution worker for ':'" [_thread_blocked, id=7200, stack(0x0000000024700000,0x0000000024800000)]
  0x000000002394b800 JavaThread "Cache worker for file content cache (E:\Android\AndroidProjects\MobileBattery\.gradle\5.4.1\fileContent)" [_thread_blocked, id=7292, stack(0x0000000024500000,0x0000000024600000)]
  0x000000001a1da000 JavaThread "Cache worker for Build Output Cleanup Cache (E:\Android\AndroidProjects\MobileBattery\.gradle\buildOutputCleanup)" [_thread_blocked, id=7488, stack(0x0000000024400000,0x0000000024500000)]
  0x000000001a1dd800 JavaThread "Build operations Thread 4" [_thread_blocked, id=7648, stack(0x0000000022ce0000,0x0000000022de0000)]
  0x000000001a1dd000 JavaThread "Build operations Thread 3" [_thread_blocked, id=4268, stack(0x00000000211c0000,0x00000000212c0000)]
  0x000000001a1db800 JavaThread "Build operations Thread 2" [_thread_blocked, id=12480, stack(0x00000000208c0000,0x00000000209c0000)]
  0x000000001a1de800 JavaThread "Build operations" [_thread_blocked, id=12724, stack(0x00000000207c0000,0x00000000208c0000)]
  0x000000001a1d5800 JavaThread "Cache worker for cache directory md-rule (C:\Users\webepower\.gradle\caches\5.4.1\md-rule)" [_thread_blocked, id=892, stack(0x000000001e550000,0x000000001e650000)]
  0x000000001a1d9000 JavaThread "Cache worker for cache directory md-supplier (C:\Users\webepower\.gradle\caches\5.4.1\md-supplier)" [_thread_blocked, id=6248, stack(0x000000001c2b0000,0x000000001c3b0000)]
  0x000000001a1d0000 JavaThread "Cache worker for file hash cache (E:\Android\AndroidProjects\MobileBattery\.gradle\5.4.1\fileHashes)" [_thread_blocked, id=10624, stack(0x000000001bcb0000,0x000000001bdb0000)]
  0x000000001a1d1000 JavaThread "Thread-600" [_thread_blocked, id=828, stack(0x000000001b9b0000,0x000000001bab0000)]
  0x000000001a1d4800 JavaThread "Stdin handler" [_thread_blocked, id=10508, stack(0x000000001b8b0000,0x000000001b9b0000)]
  0x000000001a1d3000 JavaThread "Asynchronous log dispatcher for DefaultDaemonConnection: socket connection from /127.0.0.1:50027 to /127.0.0.1:60492" [_thread_blocked, id=12188, stack(0x000000001b5b0000,0x000000001b6b0000)]
  0x000000001a1d4000 JavaThread "Cancel handler" [_thread_blocked, id=6120, stack(0x0000000000e60000,0x0000000000f60000)]
  0x000000001a1cf800 JavaThread "Handler for socket connection from /127.0.0.1:50027 to /127.0.0.1:60492" [_thread_in_native, id=11392, stack(0x0000000000d60000,0x0000000000e60000)]
  0x000000001d8c8800 JavaThread "Daemon worker Thread 24" [_thread_blocked, id=6132, stack(0x000000001b4b0000,0x000000001b5b0000)]
  0x000000001d8cc000 JavaThread "Daemon Thread 24" [_thread_blocked, id=11316, stack(0x0000000000c60000,0x0000000000d60000)]
  0x0000000018ac4800 JavaThread "Cache worker for Java compile cache (C:\Users\webepower\.gradle\caches\5.4.1\javaCompile)" [_thread_blocked, id=11432, stack(0x0000000024600000,0x0000000024700000)]
  0x000000001d8d3000 JavaThread "Cache worker for file content cache (C:\Users\webepower\.gradle\caches\5.4.1\fileContent)" [_thread_blocked, id=7492, stack(0x00000000227c0000,0x00000000228c0000)]
  0x000000001d8cb800 JavaThread "Memory manager" [_thread_blocked, id=10300, stack(0x0000000021cc0000,0x0000000021dc0000)]
  0x000000001d8c9000 JavaThread "Cache worker for execution history cache (C:\Users\webepower\.gradle\caches\5.4.1\executionHistory)" [_thread_blocked, id=9616, stack(0x00000000202c0000,0x00000000203c0000)]
  0x0000000018ac8000 JavaThread "Cache worker for journal cache (C:\Users\webepower\.gradle\caches\journal-1)" [_thread_blocked, id=12212, stack(0x000000001bfb0000,0x000000001c0b0000)]
  0x0000000018ac7800 JavaThread "File lock request listener" [_thread_in_native, id=11156, stack(0x000000001beb0000,0x000000001bfb0000)]
  0x0000000018ac3800 JavaThread "Cache worker for file hash cache (C:\Users\webepower\.gradle\caches\5.4.1\fileHashes)" [_thread_blocked, id=8568, stack(0x000000001bdb0000,0x000000001beb0000)]
  0x0000000017ec6000 JavaThread "Daemon periodic checks" [_thread_blocked, id=7096, stack(0x000000001b3b0000,0x000000001b4b0000)]
  0x0000000019482000 JavaThread "Incoming local TCP Connector on port 50027" [_thread_in_native, id=12004, stack(0x000000001b170000,0x000000001b270000)]
  0x000000001995a000 JavaThread "Daemon health stats" [_thread_blocked, id=11696, stack(0x0000000019b30000,0x0000000019c30000)]
  0x0000000017b67800 JavaThread "Service Thread" daemon [_thread_blocked, id=10736, stack(0x0000000018160000,0x0000000018260000)]
  0x0000000017b64000 JavaThread "C1 CompilerThread2" daemon [_thread_blocked, id=8904, stack(0x0000000018060000,0x0000000018160000)]
=>0x0000000017b60800 JavaThread "C2 CompilerThread1" daemon [_thread_in_vm, id=10536, stack(0x0000000017f60000,0x0000000018060000)]
  0x0000000016400000 JavaThread "C2 CompilerThread0" daemon [_thread_in_native, id=10492, stack(0x0000000017a60000,0x0000000017b60000)]
  0x00000000163fc000 JavaThread "Attach Listener" daemon [_thread_blocked, id=10384, stack(0x0000000017960000,0x0000000017a60000)]
  0x00000000163fa800 JavaThread "Signal Dispatcher" daemon [_thread_blocked, id=11500, stack(0x0000000017860000,0x0000000017960000)]
  0x0000000002a8a800 JavaThread "Finalizer" daemon [_thread_blocked, id=9664, stack(0x0000000017660000,0x0000000017760000)]
  0x00000000163ea000 JavaThread "Reference Handler" daemon [_thread_blocked, id=9400, stack(0x0000000017560000,0x0000000017660000)]
  0x0000000000a6e800 JavaThread "main" [_thread_blocked, id=7848, stack(0x0000000002890000,0x0000000002990000)]

Other Threads:
  0x00000000163c8000 VMThread [stack: 0x0000000017460000,0x0000000017560000] [id=11064]
  0x0000000017b68800 WatcherThread [stack: 0x0000000018260000,0x0000000018360000] [id=10424]

VM state:not at safepoint (normal execution)

VM Mutex/Monitor currently owned by a thread: None

Heap:
 PSYoungGen      total 313344K, used 287740K [0x00000000e0000000, 0x00000000f6880000, 0x0000000100000000)
  eden space 271872K, 90% used [0x00000000e0000000,0x00000000ef088cb0,0x00000000f0980000)
  from space 41472K, 99% used [0x00000000f1400000,0x00000000f3c76460,0x00000000f3c80000)
  to   space 45056K, 0% used [0x00000000f3c80000,0x00000000f3c80000,0x00000000f6880000)
 ParOldGen       total 206336K, used 85232K [0x00000000a0000000, 0x00000000ac980000, 0x00000000e0000000)
  object space 206336K, 41% used [0x00000000a0000000,0x00000000a533c1e8,0x00000000ac980000)
 Metaspace       used 109397K, capacity 116546K, committed 116736K, reserved 1150976K
  class space    used 14113K, capacity 15334K, committed 15360K, reserved 1048576K

Card table byte_map: [0x0000000011e50000,0x0000000012160000] byte_map_base: 0x0000000011950000

Marking Bits: (ParMarkBitMap*) 0x000000005af83e30
 Begin Bits: [0x0000000012760000, 0x0000000013f60000)
 End Bits:   [0x0000000013f60000, 0x0000000015760000)

Polling page: 0x0000000000fa0000

CodeCache: size=245760Kb used=77819Kb max_used=77973Kb free=167940Kb
 bounds [0x0000000002a90000, 0x0000000007750000, 0x0000000011a90000]
 total_blobs=21681 nmethods=20823 adapters=768
 compilation: enabled

Compilation events (10 events):
Event: 25575.440 Thread 0x0000000017b60800 nmethod 28124 0x00000000060b8bd0 code [0x00000000060b8d40, 0x00000000060b9018]
Event: 25575.482 Thread 0x0000000017b60800 28126       4       com.android.tools.r8.ir.conversion.X::c (130 bytes)
Event: 25575.486 Thread 0x0000000017b60800 nmethod 28126 0x0000000003ab3110 code [0x0000000003ab3280, 0x0000000003ab3698]
Event: 25575.487 Thread 0x0000000017b64000 28127       3       com.android.tools.r8.ir.optimize.CodeRewriter$$Lambda$676/470453943::test (20 bytes)
Event: 25575.488 Thread 0x0000000017b60800 28129       4       com.android.tools.r8.ir.code.Value::a (33 bytes)
Event: 25575.488 Thread 0x0000000017b64000 nmethod 28127 0x00000000060b8650 code [0x00000000060b87c0, 0x00000000060b8a68]
Event: 25575.488 Thread 0x0000000017b64000 28128       3       com.android.tools.r8.ir.optimize.CodeRewriter::a (60 bytes)
Event: 25575.493 Thread 0x0000000017b64000 nmethod 28128 0x0000000005a97010 code [0x0000000005a971e0, 0x0000000005a97a58]
Event: 25575.748 Thread 0x0000000017b60800 nmethod 28129 0x0000000007732410 code [0x0000000007732b20, 0x00000000077384c8]
Event: 25575.748 Thread 0x0000000017b60800 28133 %     4       com.android.tools.r8.ir.conversion.I::a @ 325 (945 bytes)

GC Heap History (10 events):
Event: 17472.587 GC heap before
{Heap before GC invocations=55 (full 4):
 PSYoungGen      total 329216K, used 314062K [0x00000000e0000000, 0x00000000f6e80000, 0x0000000100000000)
  eden space 292352K, 100% used [0x00000000e0000000,0x00000000f1d80000,0x00000000f1d80000)
  from space 36864K, 58% used [0x00000000f4a80000,0x00000000f5fb3af0,0x00000000f6e80000)
  to   space 41472K, 0% used [0x00000000f1d80000,0x00000000f1d80000,0x00000000f4600000)
 ParOldGen       total 206336K, used 83680K [0x00000000a0000000, 0x00000000ac980000, 0x00000000e0000000)
  object space 206336K, 40% used [0x00000000a0000000,0x00000000a51b81a8,0x00000000ac980000)
 Metaspace       used 108850K, capacity 115978K, committed 116224K, reserved 1150976K
  class space    used 14089K, capacity 15310K, committed 15360K, reserved 1048576K
Event: 17472.609 GC heap after
Heap after GC invocations=55 (full 4):
 PSYoungGen      total 333824K, used 24747K [0x00000000e0000000, 0x00000000f7880000, 0x0000000100000000)
  eden space 292352K, 0% used [0x00000000e0000000,0x00000000e0000000,0x00000000f1d80000)
  from space 41472K, 59% used [0x00000000f1d80000,0x00000000f35aad20,0x00000000f4600000)
  to   space 40448K, 0% used [0x00000000f5100000,0x00000000f5100000,0x00000000f7880000)
 ParOldGen       total 206336K, used 83872K [0x00000000a0000000, 0x00000000ac980000, 0x00000000e0000000)
  object space 206336K, 40% used [0x00000000a0000000,0x00000000a51e81a8,0x00000000ac980000)
 Metaspace       used 108850K, capacity 115978K, committed 116224K, reserved 1150976K
  class space    used 14089K, capacity 15310K, committed 15360K, reserved 1048576K
}
Event: 17484.093 GC heap before
{Heap before GC invocations=56 (full 4):
 PSYoungGen      total 333824K, used 317099K [0x00000000e0000000, 0x00000000f7880000, 0x0000000100000000)
  eden space 292352K, 100% used [0x00000000e0000000,0x00000000f1d80000,0x00000000f1d80000)
  from space 41472K, 59% used [0x00000000f1d80000,0x00000000f35aad20,0x00000000f4600000)
  to   space 40448K, 0% used [0x00000000f5100000,0x00000000f5100000,0x00000000f7880000)
 ParOldGen       total 206336K, used 83872K [0x00000000a0000000, 0x00000000ac980000, 0x00000000e0000000)
  object space 206336K, 40% used [0x00000000a0000000,0x00000000a51e81a8,0x00000000ac980000)
 Metaspace       used 108985K, capacity 116042K, committed 116224K, reserved 1150976K
  class space    used 14090K, capacity 15310K, committed 15360K, reserved 1048576K
Event: 17484.170 GC heap after
Heap after GC invocations=56 (full 4):
 PSYoungGen      total 343040K, used 32663K [0x00000000e0000000, 0x00000000f7e80000, 0x0000000100000000)
  eden space 302592K, 0% used [0x00000000e0000000,0x00000000e0000000,0x00000000f2780000)
  from space 40448K, 80% used [0x00000000f5100000,0x00000000f70e5d20,0x00000000f7880000)
  to   space 42496K, 0% used [0x00000000f2780000,0x00000000f2780000,0x00000000f5100000)
 ParOldGen       total 206336K, used 84696K [0x00000000a0000000, 0x00000000ac980000, 0x00000000e0000000)
  object space 206336K, 41% used [0x00000000a0000000,0x00000000a52b61e8,0x00000000ac980000)
 Metaspace       used 108985K, capacity 116042K, committed 116224K, reserved 1150976K
  class space    used 14090K, capacity 15310K, committed 15360K, reserved 1048576K
}
Event: 23223.141 GC heap before
{Heap before GC invocations=57 (full 4):
 PSYoungGen      total 343040K, used 335255K [0x00000000e0000000, 0x00000000f7e80000, 0x0000000100000000)
  eden space 302592K, 100% used [0x00000000e0000000,0x00000000f2780000,0x00000000f2780000)
  from space 40448K, 80% used [0x00000000f5100000,0x00000000f70e5d20,0x00000000f7880000)
  to   space 42496K, 0% used [0x00000000f2780000,0x00000000f2780000,0x00000000f5100000)
 ParOldGen       total 206336K, used 84696K [0x00000000a0000000, 0x00000000ac980000, 0x00000000e0000000)
  object space 206336K, 41% used [0x00000000a0000000,0x00000000a52b61e8,0x00000000ac980000)
 Metaspace       used 109113K, capacity 116274K, committed 116480K, reserved 1150976K
  class space    used 14093K, capacity 15310K, committed 15360K, reserved 1048576K
Event: 23224.016 GC heap after
Heap after GC invocations=57 (full 4):
 PSYoungGen      total 313856K, used 21838K [0x00000000e0000000, 0x00000000f6d00000, 0x0000000100000000)
  eden space 291840K, 0% used [0x00000000e0000000,0x00000000e0000000,0x00000000f1d00000)
  from space 22016K, 99% used [0x00000000f2780000,0x00000000f3cd3968,0x00000000f3d00000)
  to   space 40960K, 0% used [0x00000000f4500000,0x00000000f4500000,0x00000000f6d00000)
 ParOldGen       total 206336K, used 84912K [0x00000000a0000000, 0x00000000ac980000, 0x00000000e0000000)
  object space 206336K, 41% used [0x00000000a0000000,0x00000000a52ec1e8,0x00000000ac980000)
 Metaspace       used 109113K, capacity 116274K, committed 116480K, reserved 1150976K
  class space    used 14093K, capacity 15310K, committed 15360K, reserved 1048576K
}
Event: 25553.581 GC heap before
{Heap before GC invocations=58 (full 4):
 PSYoungGen      total 313856K, used 313678K [0x00000000e0000000, 0x00000000f6d00000, 0x0000000100000000)
  eden space 291840K, 100% used [0x00000000e0000000,0x00000000f1d00000,0x00000000f1d00000)
  from space 22016K, 99% used [0x00000000f2780000,0x00000000f3cd3968,0x00000000f3d00000)
  to   space 40960K, 0% used [0x00000000f4500000,0x00000000f4500000,0x00000000f6d00000)
 ParOldGen       total 206336K, used 84912K [0x00000000a0000000, 0x00000000ac980000, 0x00000000e0000000)
  object space 206336K, 41% used [0x00000000a0000000,0x00000000a52ec1e8,0x00000000ac980000)
 Metaspace       used 109169K, capacity 116286K, committed 116480K, reserved 1150976K
  class space    used 14094K, capacity 15312K, committed 15360K, reserved 1048576K
Event: 25553.683 GC heap after
Heap after GC invocations=58 (full 4):
 PSYoungGen      total 319488K, used 37430K [0x00000000e0000000, 0x00000000f6a00000, 0x0000000100000000)
  eden space 281600K, 0% used [0x00000000e0000000,0x00000000e0000000,0x00000000f1300000)
  from space 37888K, 98% used [0x00000000f4500000,0x00000000f698d968,0x00000000f6a00000)
  to   space 44032K, 0% used [0x00000000f1400000,0x00000000f1400000,0x00000000f3f00000)
 ParOldGen       total 206336K, used 84944K [0x00000000a0000000, 0x00000000ac980000, 0x00000000e0000000)
  object space 206336K, 41% used [0x00000000a0000000,0x00000000a52f41e8,0x00000000ac980000)
 Metaspace       used 109169K, capacity 116286K, committed 116480K, reserved 1150976K
  class space    used 14094K, capacity 15312K, committed 15360K, reserved 1048576K
}
Event: 25566.852 GC heap before
{Heap before GC invocations=59 (full 4):
 PSYoungGen      total 319488K, used 316278K [0x00000000e0000000, 0x00000000f6a00000, 0x0000000100000000)
  eden space 281600K, 99% used [0x00000000e0000000,0x00000000f1050228,0x00000000f1300000)
  from space 37888K, 98% used [0x00000000f4500000,0x00000000f698d968,0x00000000f6a00000)
  to   space 44032K, 0% used [0x00000000f1400000,0x00000000f1400000,0x00000000f3f00000)
 ParOldGen       total 206336K, used 84944K [0x00000000a0000000, 0x00000000ac980000, 0x00000000e0000000)
  object space 206336K, 41% used [0x00000000a0000000,0x00000000a52f41e8,0x00000000ac980000)
 Metaspace       used 109358K, capacity 116546K, committed 116736K, reserved 1150976K
  class space    used 14113K, capacity 15334K, committed 15360K, reserved 1048576K
Event: 25566.915 GC heap after
Heap after GC invocations=59 (full 4):
 PSYoungGen      total 313344K, used 41433K [0x00000000e0000000, 0x00000000f6880000, 0x0000000100000000)
  eden space 271872K, 0% used [0x00000000e0000000,0x00000000e0000000,0x00000000f0980000)
  from space 41472K, 99% used [0x00000000f1400000,0x00000000f3c76460,0x00000000f3c80000)
  to   space 45056K, 0% used [0x00000000f3c80000,0x00000000f3c80000,0x00000000f6880000)
 ParOldGen       total 206336K, used 85232K [0x00000000a0000000, 0x00000000ac980000, 0x00000000e0000000)
  object space 206336K, 41% used [0x00000000a0000000,0x00000000a533c1e8,0x00000000ac980000)
 Metaspace       used 109358K, capacity 116546K, committed 116736K, reserved 1150976K
  class space    used 14113K, capacity 15334K, committed 15360K, reserved 1048576K
}

Deoptimization events (10 events):
Event: 25569.268 Thread 0x000000002394a000 Uncommon trap: reason=class_check action=maybe_recompile pc=0x00000000074f06ac method=com.sun.tools.javac.comp.Attr.visitMethodDef(Lcom/sun/tools/javac/tree/JCTree$JCMethodDecl;)V @ 939
Event: 25569.570 Thread 0x000000002394a000 Uncommon trap: reason=speculate_class_check action=maybe_recompile pc=0x0000000006c443bc method=com.sun.tools.javac.code.Types$SameTypeVisitor.visitClassType(Lcom/sun/tools/javac/code/Type$ClassType;Lcom/sun/tools/javac/code/Type;)Ljava/lang/Boolean; @ 32
Event: 25569.580 Thread 0x000000002394a000 Uncommon trap: reason=speculate_class_check action=maybe_recompile pc=0x0000000006c443bc method=com.sun.tools.javac.code.Types$SameTypeVisitor.visitClassType(Lcom/sun/tools/javac/code/Type$ClassType;Lcom/sun/tools/javac/code/Type;)Ljava/lang/Boolean; @ 32
Event: 25569.794 Thread 0x000000002394a000 Uncommon trap: reason=speculate_class_check action=maybe_recompile pc=0x0000000006c443bc method=com.sun.tools.javac.code.Types$SameTypeVisitor.visitClassType(Lcom/sun/tools/javac/code/Type$ClassType;Lcom/sun/tools/javac/code/Type;)Ljava/lang/Boolean; @ 32
Event: 25569.803 Thread 0x000000002394a000 Uncommon trap: reason=speculate_class_check action=maybe_recompile pc=0x0000000006c443bc method=com.sun.tools.javac.code.Types$SameTypeVisitor.visitClassType(Lcom/sun/tools/javac/code/Type$ClassType;Lcom/sun/tools/javac/code/Type;)Ljava/lang/Boolean; @ 32
Event: 25569.861 Thread 0x000000002394a000 Uncommon trap: reason=unstable_if action=reinterpret pc=0x00000000076e49d4 method=com.sun.tools.javac.tree.TreeInfo.isSelfCall(Lcom/sun/tools/javac/tree/JCTree;)Z @ 30
Event: 25571.861 Thread 0x000000002394a000 Uncommon trap: reason=class_check action=maybe_recompile pc=0x0000000006cb99dc method=com.sun.tools.javac.jvm.Gen.normalizeDefs(Lcom/sun/tools/javac/util/List;Lcom/sun/tools/javac/code/Symbol$ClassSymbol;)Lcom/sun/tools/javac/util/List; @ 376
Event: 25571.872 Thread 0x000000002394a000 Uncommon trap: reason=unstable_if action=reinterpret pc=0x00000000076d74c8 method=com.sun.tools.javac.comp.Resolve.isAccessible(Lcom/sun/tools/javac/comp/Env;Lcom/sun/tools/javac/code/Type;Lcom/sun/tools/javac/code/Symbol;Z)Z @ 213
Event: 25571.873 Thread 0x000000002394a000 Uncommon trap: reason=unstable_if action=reinterpret pc=0x0000000006e8bd60 method=com.sun.tools.javac.comp.Check.checkClassOverrideEqualsAndHashIfNeeded(Lcom/sun/tools/javac/util/JCDiagnostic$DiagnosticPosition;Lcom/sun/tools/javac/code/Symbol$ClassSymbol
Event: 25571.879 Thread 0x000000002394a000 Uncommon trap: reason=unstable_if action=reinterpret pc=0x0000000006d79e98 method=com.sun.tools.javac.comp.Lower.needsProtectedAccess(Lcom/sun/tools/javac/code/Symbol;Lcom/sun/tools/javac/tree/JCTree;)Z @ 27

Classes redefined (0 events):
No events

Internal exceptions (10 events):
Event: 17486.835 Thread 0x000000001a1d5800 Exception <a 'sun/nio/fs/WindowsException'> (0x00000000e975e398) thrown at [C:\re\workspace\8-2-build-windows-amd64-cygwin\jdk8u191\11896\hotspot\src\share\vm\prims\jni.cpp, line 709]
Event: 17487.259 Thread 0x000000001a1d9000 Exception <a 'sun/nio/fs/WindowsException'> (0x00000000ea66cd68) thrown at [C:\re\workspace\8-2-build-windows-amd64-cygwin\jdk8u191\11896\hotspot\src\share\vm\prims\jni.cpp, line 709]
Event: 17487.579 Thread 0x000000001d8c7800 Exception <a 'sun/nio/fs/WindowsException'> (0x00000000edca8ec8) thrown at [C:\re\workspace\8-2-build-windows-amd64-cygwin\jdk8u191\11896\hotspot\src\share\vm\prims\jni.cpp, line 709]
Event: 17488.088 Thread 0x0000000023946000 Exception <a 'sun/nio/fs/WindowsException'> (0x00000000ef5ee2c8) thrown at [C:\re\workspace\8-2-build-windows-amd64-cygwin\jdk8u191\11896\hotspot\src\share\vm\prims\jni.cpp, line 709]
Event: 25555.922 Thread 0x000000001d8c7800 Exception <a 'java/lang/NoSuchMethodError': <clinit>> (0x00000000e0195a00) thrown at [C:\re\workspace\8-2-build-windows-amd64-cygwin\jdk8u191\11896\hotspot\src\share\vm\prims\jni.cpp, line 1613]
Event: 25555.936 Thread 0x000000001d8c7800 Exception <a 'java/lang/NoSuchMethodError': <clinit>> (0x00000000e01a5188) thrown at [C:\re\workspace\8-2-build-windows-amd64-cygwin\jdk8u191\11896\hotspot\src\share\vm\prims\jni.cpp, line 1613]
Event: 25555.965 Thread 0x000000001d8c7800 Exception <a 'java/lang/NoSuchMethodError': <clinit>> (0x00000000e01b3488) thrown at [C:\re\workspace\8-2-build-windows-amd64-cygwin\jdk8u191\11896\hotspot\src\share\vm\prims\jni.cpp, line 1613]
Event: 25555.980 Thread 0x000000001d8c8800 Exception <a 'sun/nio/fs/WindowsException'> (0x00000000e8e35d68) thrown at [C:\re\workspace\8-2-build-windows-amd64-cygwin\jdk8u191\11896\hotspot\src\share\vm\prims\jni.cpp, line 709]
Event: 25575.313 Thread 0x000000002394c000 Exception <a 'sun/nio/fs/WindowsException'> (0x00000000ee52ee70) thrown at [C:\re\workspace\8-2-build-windows-amd64-cygwin\jdk8u191\11896\hotspot\src\share\vm\prims\jni.cpp, line 709]
Event: 25575.371 Thread 0x000000002394d000 Exception <a 'sun/nio/fs/WindowsException'> (0x00000000ee95db40) thrown at [C:\re\workspace\8-2-build-windows-amd64-cygwin\jdk8u191\11896\hotspot\src\share\vm\prims\jni.cpp, line 709]

Events (10 events):
Event: 25574.773 Executing VM operation: RevokeBias done
Event: 25575.093 Thread 0x0000000017b60800 flushing nmethod 0x00000000069e11d0
Event: 25575.093 Thread 0x0000000017b60800 flushing nmethod 0x0000000006a1a6d0
Event: 25575.094 Thread 0x0000000017b60800 flushing nmethod 0x0000000006c0d2d0
Event: 25575.231 Thread 0x0000000017b64000 flushing nmethod 0x0000000007394250
Event: 25575.267 Thread 0x000000002394c000 Thread added: 0x000000002394c000
Event: 25575.270 Thread 0x000000002394d000 Thread added: 0x000000002394d000
Event: 25575.270 Thread 0x0000000023946000 Thread added: 0x0000000023946000
Event: 25575.409 Thread 0x000000002394d000 DEOPT PACKING pc=0x0000000006d6c22c sp=0x00000000278edba0
Event: 25575.416 Thread 0x000000002394d000 DEOPT UNPACKING pc=0x0000000002ad7890 sp=0x00000000278ed958 mode 0


Dynamic libraries:
0x00007ff7c6fd0000 - 0x00007ff7c7007000 	C:\Program Files\Java\jdk1.8.0_191\bin\java.exe
0x00007ff822e40000 - 0x00007ff823030000 	C:\WINDOWS\SYSTEM32\ntdll.dll
0x00007ff822720000 - 0x00007ff8227d2000 	C:\WINDOWS\System32\KERNEL32.DLL
0x00007ff820780000 - 0x00007ff820a23000 	C:\WINDOWS\System32\KERNELBASE.dll
0x00007ff822840000 - 0x00007ff8228e3000 	C:\WINDOWS\System32\ADVAPI32.dll
0x00007ff820f20000 - 0x00007ff820fbe000 	C:\WINDOWS\System32\msvcrt.dll
0x00007ff8229d0000 - 0x00007ff822a67000 	C:\WINDOWS\System32\sechost.dll
0x00007ff820fc0000 - 0x00007ff8210e0000 	C:\WINDOWS\System32\RPCRT4.dll
0x00007ff822580000 - 0x00007ff822714000 	C:\WINDOWS\System32\USER32.dll
0x00007ff820c00000 - 0x00007ff820c21000 	C:\WINDOWS\System32\win32u.dll
0x00007ff822b70000 - 0x00007ff822b96000 	C:\WINDOWS\System32\GDI32.dll
0x00007ff81fdd0000 - 0x00007ff81ff64000 	C:\WINDOWS\System32\gdi32full.dll
0x00007ff820cb0000 - 0x00007ff820d4e000 	C:\WINDOWS\System32\msvcp_win.dll
0x00007ff820a50000 - 0x00007ff820b4a000 	C:\WINDOWS\System32\ucrtbase.dll
0x00007ff812a70000 - 0x00007ff812cf5000 	C:\WINDOWS\WinSxS\amd64_microsoft.windows.common-controls_6595b64144ccf1df_6.0.18362.535_none_e6c3b34713100821\COMCTL32.dll
0x00007ff8218f0000 - 0x00007ff821c26000 	C:\WINDOWS\System32\combase.dll
0x00007ff820c30000 - 0x00007ff820cb0000 	C:\WINDOWS\System32\bcryptPrimitives.dll
0x00007ff820ef0000 - 0x00007ff820f1e000 	C:\WINDOWS\System32\IMM32.DLL
0x000000005b010000 - 0x000000005b0e2000 	C:\Program Files\Java\jdk1.8.0_191\jre\bin\msvcr100.dll
0x000000005a760000 - 0x000000005b004000 	C:\Program Files\Java\jdk1.8.0_191\jre\bin\server\jvm.dll
0x00007ff8229c0000 - 0x00007ff8229c8000 	C:\WINDOWS\System32\PSAPI.DLL
0x00007ff806c70000 - 0x00007ff806c79000 	C:\WINDOWS\SYSTEM32\WSOCK32.dll
0x00007ff81c9d0000 - 0x00007ff81c9f4000 	C:\WINDOWS\SYSTEM32\WINMM.dll
0x00007ff8210e0000 - 0x00007ff82114f000 	C:\WINDOWS\System32\WS2_32.dll
0x00007ff814800000 - 0x00007ff81480a000 	C:\WINDOWS\SYSTEM32\VERSION.dll
0x00007ff81c9a0000 - 0x00007ff81c9cd000 	C:\WINDOWS\SYSTEM32\WINMMBASE.dll
0x00007ff820d50000 - 0x00007ff820d9a000 	C:\WINDOWS\System32\cfgmgr32.dll
0x000000005a750000 - 0x000000005a75f000 	C:\Program Files\Java\jdk1.8.0_191\jre\bin\verify.dll
0x000000005a720000 - 0x000000005a749000 	C:\Program Files\Java\jdk1.8.0_191\jre\bin\java.dll
0x000000005a700000 - 0x000000005a716000 	C:\Program Files\Java\jdk1.8.0_191\jre\bin\zip.dll
0x00007ff821200000 - 0x00007ff8218e5000 	C:\WINDOWS\System32\SHELL32.dll
0x00007ff821150000 - 0x00007ff8211f9000 	C:\WINDOWS\System32\shcore.dll
0x00007ff81ff70000 - 0x00007ff8206ef000 	C:\WINDOWS\System32\windows.storage.dll
0x00007ff81fd60000 - 0x00007ff81fd7f000 	C:\WINDOWS\System32\profapi.dll
0x00007ff81fd80000 - 0x00007ff81fdca000 	C:\WINDOWS\System32\powrprof.dll
0x00007ff81fd10000 - 0x00007ff81fd20000 	C:\WINDOWS\System32\UMPDC.dll
0x00007ff822ba0000 - 0x00007ff822bf2000 	C:\WINDOWS\System32\shlwapi.dll
0x00007ff81fd20000 - 0x00007ff81fd31000 	C:\WINDOWS\System32\kernel.appcore.dll
0x00007ff820a30000 - 0x00007ff820a47000 	C:\WINDOWS\System32\cryptsp.dll
0x000000005a6e0000 - 0x000000005a6fa000 	C:\Program Files\Java\jdk1.8.0_191\jre\bin\net.dll
0x00007ff81f520000 - 0x00007ff81f587000 	C:\WINDOWS\system32\mswsock.dll
0x000000005a6c0000 - 0x000000005a6d1000 	C:\Program Files\Java\jdk1.8.0_191\jre\bin\nio.dll
0x00007ff80d210000 - 0x00007ff80d236000 	C:\Users\webepower\.gradle\native\29\windows-amd64\native-platform.dll
0x000000005a6b0000 - 0x000000005a6bd000 	C:\Program Files\Java\jdk1.8.0_191\jre\bin\management.dll
0x00007ff81f090000 - 0x00007ff81f0c3000 	C:\WINDOWS\system32\rsaenh.dll
0x00007ff8206f0000 - 0x00007ff820716000 	C:\WINDOWS\System32\bcrypt.dll
0x00007ff81fc00000 - 0x00007ff81fc25000 	C:\WINDOWS\SYSTEM32\USERENV.dll
0x00007ff81f6f0000 - 0x00007ff81f6fc000 	C:\WINDOWS\SYSTEM32\CRYPTBASE.dll
0x00007ff81f230000 - 0x00007ff81f26a000 	C:\WINDOWS\SYSTEM32\IPHLPAPI.DLL
0x00007ff822d80000 - 0x00007ff822d88000 	C:\WINDOWS\System32\NSI.dll
0x00007ff816c70000 - 0x00007ff816c86000 	C:\WINDOWS\SYSTEM32\dhcpcsvc6.DLL
0x00007ff816c50000 - 0x00007ff816c6c000 	C:\WINDOWS\SYSTEM32\dhcpcsvc.DLL
0x00007ff81f270000 - 0x00007ff81f33a000 	C:\WINDOWS\SYSTEM32\DNSAPI.dll
0x00007ff81df90000 - 0x00007ff81e01f000 	C:\WINDOWS\system32\apphelp.dll
0x00007ff812d30000 - 0x00007ff812f24000 	C:\WINDOWS\SYSTEM32\dbghelp.dll

VM Arguments:
jvm_args: -Xmx1536m -Dfile.encoding=windows-1252 -Duser.country=IN -Duser.language=en -Duser.variant 
java_command: org.gradle.launcher.daemon.bootstrap.GradleDaemon 5.4.1
java_class_path (initial): C:\Users\webepower\.gradle\wrapper\dists\gradle-5.4.1-all\3221gyojl5jsh0helicew7rwx\gradle-5.4.1\lib\gradle-launcher-5.4.1.jar
Launcher Type: SUN_STANDARD

Environment Variables:
JAVA_HOME=C:\Program Files\Java\jdk1.8.0_191
CLASSPATH=.;
PATH=C:\Python27\;C:\Python27\Scripts;C:\Program Files (x86)\Common Files\Oracle\Java\javapath;C:\WINDOWS\system32;C:\WINDOWS;C:\WINDOWS\System32\Wbem;C:\WINDOWS\System32\WindowsPowerShell\v1.0\;C:\WINDOWS\System32\OpenSSH\;C:\Program Files\Git\cmd;C:\Program Files\Java\jdk1.8.0_191\bin;C:\Program Files\Java\jdk1.8.0_221\bin;C:\ProgramData\chocolatey\bin;C:\Program Files\nodejs\;C:\Program Files\Java\jdk1.8.0_221\bin;C:\Users\webepower\AppData\Local\Microsoft\WindowsApps;C:\Users\webepower\AppData\Local\GitHubDesktop\bin;C:\Program Files\Java\jdk-11.0.1;;C:\Users\webepower\AppData\Local\Microsoft\WindowsApps;C:\Users\webepower\AppData\Local\Programs\Microsoft VS Code\bin;C:\Users\webepower\AppData\Roaming\npm
USERNAME=webepower
OS=Windows_NT
PROCESSOR_IDENTIFIER=Intel64 Family 6 Model 42 Stepping 7, GenuineIntel



---------------  S Y S T E M  ---------------

OS: Windows 10.0 , 64 bit Build 18362 (10.0.18362.329)

CPU:total 4 (initial active 4) (4 cores per cpu, 1 threads per core) family 6 model 42 stepping 7, cmov, cx8, fxsr, mmx, sse, sse2, sse3, ssse3, sse4.1, sse4.2, popcnt, avx, aes, clmul, tsc, tscinvbit

Memory: 4k page, physical 8296924k(366592k free), swap 19306972k(4744440k free)

vm_info: Java HotSpot(TM) 64-Bit Server VM (25.191-b12) for windows-amd64 JRE (1.8.0_191-b12), built on Oct  6 2018 09:29:03 by "java_re" with MS VC++ 10.0 (VS2010)

time: Mon Jan 06 18:14:49 2020
elapsed time: 25575 seconds (0d 7h 6m 15s)

