JvmtiExport can_access_local_variables 0
JvmtiExport can_hotswap_or_post_breakpoint 0
JvmtiExport can_post_on_exceptions 0
# 527 ciObject found
ciMethod java/lang/Object <init> ()V 4097 1 13694784 0 0
ciMethod java/lang/Object getClass ()Ljava/lang/Class; 2049 1 256 0 -1
ciMethod java/lang/Object hashCode ()I 2049 1 256 0 -1
ciMethod java/lang/Object equals (Ljava/lang/Object;)Z 2201 1 120237 0 64
ciMethod java/util/Map size ()I 0 0 1 0 -1
ciMethod java/util/Map entrySet ()Ljava/util/Set; 0 0 1 0 -1
ciMethod java/lang/Number <init> ()V 3297 1 145733 0 32
ciMethod java/lang/Double doubleToRawLongBits (D)J 2049 1 256 0 -1
ciMethod java/lang/Double longBitsToDouble (J)D 3073 1 384 0 -1
ciMethod java/lang/Integer valueOf (I)Ljava/lang/Integer; 465 1 588820 0 192
ciMethod java/lang/Integer <init> (I)V 2281 1 105979 0 32
ciMethod java/lang/Integer intValue ()I 1225 1 153 0 -1
ciMethod java/util/Collection size ()I 0 0 1 0 -1
ciMethod java/util/Collection iterator ()Ljava/util/Iterator; 0 0 1 0 -1
ciMethod java/util/Collection containsAll (Ljava/util/Collection;)Z 0 0 1 0 -1
ciMethod java/util/List size ()I 0 0 1 0 -1
ciMethod java/util/List isEmpty ()Z 0 0 1 0 -1
ciMethod java/util/List contains (Ljava/lang/Object;)Z 0 0 1 0 -1
ciMethod java/util/List iterator ()Ljava/util/Iterator; 0 0 1 0 -1
ciMethod java/util/List add (Ljava/lang/Object;)Z 0 0 1 0 -1
ciMethod java/util/List remove (Ljava/lang/Object;)Z 0 0 1 0 -1
ciMethod java/util/List get (I)Ljava/lang/Object; 0 0 1 0 -1
ciMethod java/util/AbstractList <init> ()V 2065 1 964841 0 -1
ciMethod java/util/AbstractCollection <init> ()V 401 1 2404472 0 32
ciMethod java/util/AbstractCollection contains (Ljava/lang/Object;)Z 2049 33 2557 0 -1
ciMethod java/util/AbstractCollection containsAll (Ljava/util/Collection;)Z 2049 7169 14597 0 192
ciMethod java/util/AbstractCollection removeAll (Ljava/util/Collection;)Z 2841 5985 8955 0 -1
ciMethod java/util/ArrayList <init> ()V 937 1 542525 0 -1
ciMethod java/util/ArrayList calculateCapacity ([Ljava/lang/Object;I)I 745 1 621527 0 64
ciMethod java/util/ArrayList ensureCapacityInternal (I)V 745 1 621307 0 544
ciMethod java/util/ArrayList ensureExplicitCapacity (I)V 745 1 621309 0 512
ciMethod java/util/ArrayList grow (I)V 113 1 5135 0 512
ciMethod java/util/ArrayList hugeCapacity (I)I 0 0 1 0 -1
ciMethod java/util/ArrayList size ()I 1097 1 137 0 -1
ciMethod java/util/ArrayList isEmpty ()Z 2049 1 41271 0 -1
ciMethod java/util/ArrayList elementData (I)Ljava/lang/Object; 10041 1 112267 0 0
ciMethod java/util/ArrayList get (I)Ljava/lang/Object; 2177 1 89104 0 128
ciMethod java/util/ArrayList add (Ljava/lang/Object;)Z 745 1 609022 0 736
ciMethod java/util/ArrayList rangeCheck (I)V 2177 1 111298 0 64
ciMethod java/util/Collections unmodifiableList (Ljava/util/List;)Ljava/util/List; 1041 1 237772 0 288
ciMethod java/util/Set isEmpty ()Z 0 0 1 0 -1
ciMethod java/util/Set contains (Ljava/lang/Object;)Z 0 0 1 0 -1
ciMethod java/util/Set iterator ()Ljava/util/Iterator; 0 0 1 0 -1
ciMethod java/util/Set add (Ljava/lang/Object;)Z 0 0 1 0 -1
ciMethod java/util/Collections$UnmodifiableRandomAccessList <init> (Ljava/util/List;)V 1049 1 237776 0 0
ciMethod java/util/Collections$UnmodifiableList <init> (Ljava/util/List;)V 1049 1 237785 0 0
ciMethod java/util/Collections$UnmodifiableList get (I)Ljava/lang/Object; 4097 1 5692 0 192
ciMethod java/util/Collections$UnmodifiableCollection <init> (Ljava/util/Collection;)V 1097 1 35918 0 96
ciMethod java/util/Collections$UnmodifiableCollection size ()I 4097 1 5637 0 64
ciMethod java/util/Collections$UnmodifiableCollection iterator ()Ljava/util/Iterator; 2049 1 10531 0 224
ciMethod java/util/HashMap hash (Ljava/lang/Object;)I 2121 1 388174 0 160
ciMethod java/util/HashMap comparableClassFor (Ljava/lang/Object;)Ljava/lang/Class; 3201 1 800 0 -1
ciMethod java/util/HashMap compareComparables (Ljava/lang/Class;Ljava/lang/Object;Ljava/lang/Object;)I 0 0 1 0 -1
ciMethod java/util/HashMap isEmpty ()Z 2049 1 10496 0 -1
ciMethod java/util/HashMap containsKey (Ljava/lang/Object;)Z 129 1 33873 0 -1
ciMethod java/util/HashMap put (Ljava/lang/Object;Ljava/lang/Object;)Ljava/lang/Object; 905 1 132335 0 1280
ciMethod java/util/HashMap putVal (ILjava/lang/Object;Ljava/lang/Object;ZZ)Ljava/lang/Object; 937 33 35208 0 1248
ciMethod java/util/HashMap resize ()[Ljava/util/HashMap$Node; 369 241 1729 0 -1
ciMethod java/util/HashMap treeifyBin ([Ljava/util/HashMap$Node;I)V 1 1 34 0 0
ciMethod java/util/HashMap removeNode (ILjava/lang/Object;Ljava/lang/Object;ZZ)Ljava/util/HashMap$Node; 16401 505 7512 0 -1
ciMethod java/util/HashMap newNode (ILjava/lang/Object;Ljava/lang/Object;Ljava/util/HashMap$Node;)Ljava/util/HashMap$Node; 2073 1 5568 0 224
ciMethod java/util/HashMap newTreeNode (ILjava/lang/Object;Ljava/lang/Object;Ljava/util/HashMap$Node;)Ljava/util/HashMap$TreeNode; 385 1 48 0 -1
ciMethod java/util/HashMap replacementTreeNode (Ljava/util/HashMap$Node;Ljava/util/HashMap$Node;)Ljava/util/HashMap$TreeNode; 673 1 84 0 -1
ciMethod java/util/HashMap afterNodeAccess (Ljava/util/HashMap$Node;)V 2057 1 1281 0 0
ciMethod java/util/HashMap afterNodeInsertion (Z)V 2073 1 1311 0 0
ciMethod java/util/Map$Entry getKey ()Ljava/lang/Object; 0 0 1 0 -1
ciMethod java/util/Map$Entry getValue ()Ljava/lang/Object; 0 0 1 0 -1
ciMethod java/util/HashMap$Node <init> (ILjava/lang/Object;Ljava/lang/Object;Ljava/util/HashMap$Node;)V 2049 1 13702 0 96
ciMethod java/lang/Math ceil (D)D 2049 1 66870 0 256
ciMethod java/lang/Math max (II)I 545 1 309621 0 -1
ciMethod java/lang/Math max (JJ)J 2057 1 102377 0 64
ciMethod java/lang/Math min (II)I 3577 1 561614 0 -1
ciMethod java/lang/Math min (JJ)J 2049 1 40221 0 64
ciMethod java/lang/Math getExponent (D)I 2049 1 5562 0 0
ciMethod java/util/Objects equals (Ljava/lang/Object;Ljava/lang/Object;)Z 2193 1 13752 0 -1
ciMethod java/util/Iterator hasNext ()Z 0 0 1 0 -1
ciMethod java/util/Iterator next ()Ljava/lang/Object; 0 0 1 0 -1
ciMethod java/util/Arrays copyOf ([Ljava/lang/Object;I)[Ljava/lang/Object; 2049 1 35264 0 384
ciMethod java/util/Arrays copyOf ([Ljava/lang/Object;ILjava/lang/Class;)[Ljava/lang/Object; 2049 1 5378 0 -1
ciMethod java/util/LinkedHashMap linkNodeLast (Ljava/util/LinkedHashMap$Entry;)V 2057 1 6990 0 0
ciMethod java/util/LinkedHashMap newNode (ILjava/lang/Object;Ljava/lang/Object;Ljava/util/HashMap$Node;)Ljava/util/HashMap$Node; 2049 1 6990 0 288
ciMethod java/util/LinkedHashMap afterNodeInsertion (Z)V 3105 1 18824 0 320
ciMethod java/util/LinkedHashMap afterNodeAccess (Ljava/util/HashMap$Node;)V 1193 1 5269 0 288
ciMethod java/util/LinkedHashMap removeEldestEntry (Ljava/util/Map$Entry;)Z 1025 1 128 0 0
ciMethod java/util/LinkedHashMap$Entry <init> (ILjava/lang/Object;Ljava/lang/Object;Ljava/util/HashMap$Node;)V 2049 1 7122 0 0
ciMethodData java/lang/Object <init> ()V 2 13694784 orig 264 88 131 212 90 0 0 0 0 128 4 166 21 0 0 0 0 32 1 0 0 0 0 0 0 0 0 0 0 0 0 0 0 0 0 0 0 0 0 0 0 0 0 0 0 0 0 0 0 0 0 0 0 0 0 0 0 0 0 0 0 0 0 0 0 0 0 0 0 0 0 0 0 0 0 0 0 0 0 0 0 77 68 79 32 101 120 116 114 97 32 100 97 116 97 32 108 111 99 107 0 0 0 0 0 0 0 0 0 0 0 0 0 0 0 0 0 0 0 0 0 0 0 0 0 0 0 0 0 0 0 0 0 0 0 0 0 0 0 0 0 0 0 0 0 0 0 0 0 0 0 0 0 0 0 0 0 0 0 0 0 0 0 0 0 0 0 0 0 0 0 0 0 0 0 0 0 0 0 0 0 0 0 0 0 1 0 0 0 0 0 0 0 1 0 0 0 0 0 0 0 1 0 0 0 0 0 0 0 0 0 0 0 0 0 0 0 0 2 0 0 1 170 135 6 1 0 0 0 0 0 0 0 0 0 0 0 2 0 0 0 0 0 3 0 1 0 0 0 0 0 0 0 255 255 255 255 0 0 0 0 0 0 0 0 data 0 oops 0
ciMethod java/util/HashMap$TreeNode root ()Ljava/util/HashMap$TreeNode; 0 0 1 0 -1
ciMethod java/util/HashMap$TreeNode moveRootToFront ([Ljava/util/HashMap$Node;Ljava/util/HashMap$TreeNode;)V 449 1 56 0 -1
ciMethod java/util/HashMap$TreeNode find (ILjava/lang/Object;Ljava/lang/Class;)Ljava/util/HashMap$TreeNode; 3441 5177 558 0 -1
ciMethod java/util/HashMap$TreeNode tieBreakOrder (Ljava/lang/Object;Ljava/lang/Object;)I 3089 1 386 0 -1
ciMethod java/util/HashMap$TreeNode treeify ([Ljava/util/HashMap$Node;)V 65 1625 8 0 -1
ciMethod java/util/HashMap$TreeNode putTreeVal (Ljava/util/HashMap;[Ljava/util/HashMap$Node;ILjava/lang/Object;Ljava/lang/Object;)Ljava/util/HashMap$TreeNode; 193 585 48 0 0
ciMethod java/util/HashMap$TreeNode split (Ljava/util/HashMap;[Ljava/util/HashMap$Node;II)V 0 0 1 0 -1
ciMethod java/util/HashMap$TreeNode balanceInsertion (Ljava/util/HashMap$TreeNode;Ljava/util/HashMap$TreeNode;)Ljava/util/HashMap$TreeNode; 993 769 124 0 -1
ciMethod java/util/HashSet <init> ()V 17 1 163501 0 -1
ciMethod java/util/HashSet isEmpty ()Z 2049 1 8437 0 -1
ciMethod java/util/HashSet contains (Ljava/lang/Object;)Z 2049 1 15633 0 -1
ciMethod java/util/HashSet add (Ljava/lang/Object;)Z 2081 1 229110 0 480
ciMethod java/util/ListIterator hasNext ()Z 0 0 1 0 -1
ciMethod java/util/ListIterator next ()Ljava/lang/Object; 0 0 1 0 -1
ciMethod java/util/ListIterator remove ()V 0 0 1 0 -1
ciMethodData java/util/HashMap hash (Ljava/lang/Object;)I 2 388174 orig 264 88 131 212 90 0 0 0 0 104 136 180 21 0 0 0 0 176 1 0 0 0 0 0 0 0 0 0 0 0 0 0 0 0 0 0 0 0 0 0 0 0 0 0 0 0 0 0 0 0 0 0 0 0 0 0 0 0 0 0 0 0 0 0 0 0 0 0 0 0 0 0 0 0 0 0 0 0 0 0 0 77 68 79 32 101 120 116 114 97 32 100 97 116 97 32 108 111 99 107 0 0 0 0 0 0 0 0 0 0 0 0 0 0 0 0 0 0 0 0 0 0 0 0 0 0 0 0 0 0 0 0 0 0 0 0 0 0 0 0 0 0 0 0 0 0 0 0 0 0 0 0 0 0 0 0 0 0 0 0 0 0 0 0 0 0 0 0 0 0 0 0 0 0 0 0 0 0 0 0 2 0 0 0 0 17 0 0 0 0 0 0 0 0 0 0 0 0 0 0 0 0 0 0 0 0 0 0 0 0 0 0 0 0 0 0 0 9 1 0 0 41 90 47 0 1 0 0 0 40 153 0 0 0 0 0 0 2 0 0 0 0 0 6 0 2 0 0 0 104 0 0 0 255 255 255 255 7 224 1 0 0 0 0 0 data 13 0x1e007 0x5eade 0x38 0x69 0x50003 0x69 0x48 0x90005 0x3177e 0x163edbc0 0x63d 0x299aa50 0x2c30e oops 2 9 java/security/CodeSource 11 java/lang/String
ciMethodData java/util/ArrayList add (Ljava/lang/Object;)Z 2 609022 orig 264 88 131 212 90 0 0 0 0 240 7 179 21 0 0 0 0 144 1 0 0 0 0 0 0 0 0 0 0 0 0 0 0 0 0 0 0 0 0 0 0 0 0 0 0 0 0 0 0 0 0 0 0 0 0 0 0 0 0 0 0 0 0 0 0 0 0 0 0 0 0 0 0 0 0 0 0 0 0 0 0 77 68 79 32 101 120 116 114 97 32 100 97 116 97 32 108 111 99 107 0 0 0 0 0 0 0 0 0 0 0 0 0 0 0 0 0 0 0 0 0 0 0 0 0 0 0 0 0 0 0 0 0 0 0 0 0 0 0 0 0 0 0 0 0 0 0 0 0 0 0 0 0 0 0 0 0 0 0 0 0 0 0 0 0 0 0 0 0 0 0 0 0 0 0 0 0 0 0 0 0 0 0 0 0 17 0 0 0 0 0 0 0 0 0 0 0 0 0 0 0 1 0 0 0 0 0 0 0 0 0 0 0 0 0 0 0 93 0 0 0 9 85 74 0 1 0 0 0 0 0 0 0 0 0 0 0 2 0 0 0 0 0 15 0 2 0 0 0 64 0 0 0 255 255 255 255 2 0 7 0 0 0 0 0 data 8 0x70002 0x94abb 0x1a0104 0x0 0x23552760 0x3d 0x163ed7d0 0x186 oops 2 4 java/io/FilePermission 6 java/io/File
ciMethodData java/util/ArrayList ensureCapacityInternal (I)V 2 621307 orig 264 88 131 212 90 0 0 0 0 104 253 178 21 0 0 0 0 112 1 0 0 0 0 0 0 0 0 0 0 0 0 0 0 0 0 0 0 0 0 0 0 0 0 0 0 0 0 0 0 0 0 0 0 0 0 0 0 0 0 0 0 0 0 0 0 0 0 0 0 0 0 0 0 0 0 0 0 0 0 0 0 77 68 79 32 101 120 116 114 97 32 100 97 116 97 32 108 111 99 107 0 0 0 0 0 0 0 0 0 0 0 0 0 0 0 0 0 0 0 0 0 0 0 0 0 0 0 0 0 0 0 0 0 0 0 0 0 0 0 0 0 0 0 0 0 0 0 0 0 0 0 0 0 0 0 0 0 0 0 0 0 0 0 0 0 0 0 0 0 0 0 0 0 0 0 0 0 0 0 0 0 0 0 0 0 17 0 0 0 0 0 0 0 0 0 0 0 0 0 0 0 1 0 0 0 0 0 0 0 0 0 0 0 0 0 0 0 93 0 0 0 241 212 75 0 1 0 0 0 0 0 0 0 0 0 0 0 2 0 0 0 0 0 14 0 2 0 0 0 32 0 0 0 255 255 255 255 2 0 6 0 0 0 0 0 data 4 0x60002 0x97acb 0x90002 0x97b45 oops 0
ciMethodData java/util/ArrayList calculateCapacity ([Ljava/lang/Object;I)I 2 621527 orig 264 88 131 212 90 0 0 0 0 200 252 178 21 0 0 0 0 128 1 0 0 0 0 0 0 0 0 0 0 0 0 0 0 0 0 0 0 0 0 0 0 0 0 0 0 0 0 0 0 0 0 0 0 0 0 0 0 0 0 0 0 0 0 0 0 0 0 0 0 0 0 0 0 0 0 0 0 0 0 0 0 77 68 79 32 101 120 116 114 97 32 100 97 116 97 32 108 111 99 107 0 0 0 0 0 0 0 0 0 0 0 0 0 0 0 0 0 0 0 0 0 0 0 0 0 0 0 0 0 0 0 0 0 0 0 0 0 0 0 0 0 0 0 0 0 0 0 0 0 0 0 0 0 0 0 0 0 0 0 0 0 0 0 0 0 0 0 0 0 0 0 0 0 0 0 0 0 0 0 0 0 0 0 0 0 17 0 0 0 0 0 0 0 0 0 0 0 0 0 0 0 1 0 0 0 0 0 0 0 0 0 0 0 0 0 0 0 93 0 0 0 209 219 75 0 1 0 0 0 0 0 0 0 0 0 0 0 2 0 0 0 0 0 0 0 0 0 0 0 48 0 0 0 255 255 255 255 7 0 4 0 0 0 0 0 data 6 0x40007 0x88946 0x30 0xf284 0xa0002 0xf283 oops 0
ciMethodData java/util/ArrayList ensureExplicitCapacity (I)V 2 621309 orig 264 88 131 212 90 0 0 0 0 24 254 178 21 0 0 0 0 88 1 0 0 0 0 0 0 0 0 0 0 0 0 0 0 0 0 0 0 0 0 0 0 0 0 0 0 0 0 0 0 0 0 0 0 0 0 0 0 0 0 0 0 0 0 0 0 0 0 0 0 0 0 0 0 0 0 0 0 0 0 0 0 77 68 79 32 101 120 116 114 97 32 100 97 116 97 32 108 111 99 107 0 0 0 0 0 0 0 0 0 0 0 0 0 0 0 0 0 0 0 0 0 0 0 0 0 0 0 0 0 0 0 0 0 0 0 0 0 0 0 0 0 0 0 0 0 0 0 0 0 0 0 0 0 0 0 0 0 0 0 0 0 0 0 0 0 0 0 0 0 0 0 0 0 0 0 0 0 0 0 0 0 0 0 0 0 17 0 0 0 0 0 0 0 0 0 0 0 0 0 0 0 1 0 0 0 0 0 0 0 0 0 0 0 0 0 0 0 93 0 0 0 1 213 75 0 1 0 0 0 0 0 0 0 0 0 0 0 2 0 0 0 0 0 0 0 0 0 0 0 48 0 0 0 255 255 255 255 7 0 17 0 0 0 0 0 data 6 0x110007 0x8757e 0x30 0x10551 0x160002 0x10551 oops 0
ciMethodData java/util/ArrayList grow (I)V 2 5135 orig 264 88 131 212 90 0 0 0 0 224 254 178 21 0 0 0 0 176 1 0 0 64 0 0 0 0 0 0 0 0 0 0 0 0 0 0 0 0 0 0 0 0 0 0 0 0 0 0 0 0 0 0 0 0 0 0 0 0 0 0 0 0 0 0 0 0 0 0 0 0 0 0 0 0 0 0 0 0 0 0 0 77 68 79 32 101 120 116 114 97 32 100 97 116 97 32 108 111 99 107 0 0 0 0 0 0 0 0 0 0 0 0 0 0 0 0 0 0 0 0 0 0 0 0 0 0 0 0 0 0 0 0 0 0 0 0 0 0 0 0 0 0 0 0 0 0 0 0 0 0 0 0 0 0 0 0 0 0 0 0 0 0 0 0 0 0 0 0 0 0 0 0 0 0 0 0 0 0 0 0 0 0 0 0 0 17 0 0 0 0 0 0 0 0 0 0 0 0 0 0 0 1 0 0 0 0 0 0 0 0 0 0 0 0 0 0 0 14 0 0 0 9 160 0 0 1 0 0 0 0 0 0 0 0 0 0 0 2 0 0 0 0 0 15 0 2 0 0 0 96 0 0 0 255 255 255 255 7 0 15 0 0 0 0 0 data 12 0xf0007 0x114 0x20 0x12ed 0x180007 0x1401 0x30 0x0 0x1c0002 0x0 0x260002 0x1401 oops 0
ciMethodData java/util/HashMap put (Ljava/lang/Object;Ljava/lang/Object;)Ljava/lang/Object; 2 132335 orig 264 88 131 212 90 0 0 0 0 88 147 180 21 0 0 0 0 152 1 0 0 0 0 0 0 0 0 0 0 0 0 0 0 0 0 0 0 0 0 0 0 0 0 0 0 0 0 0 0 0 0 0 0 0 0 0 0 0 0 0 0 0 0 0 0 0 0 0 0 0 0 0 0 0 0 0 0 0 0 0 0 77 68 79 32 101 120 116 114 97 32 100 97 116 97 32 108 111 99 107 0 0 0 0 0 0 0 0 0 0 0 0 0 0 0 0 0 0 0 0 0 0 0 0 0 0 0 0 0 0 0 0 0 0 0 0 0 0 0 0 0 0 0 0 0 2 0 0 0 0 0 0 0 0 0 0 0 0 0 0 0 0 0 0 0 0 0 0 0 0 0 0 0 0 0 0 0 0 0 0 0 0 0 0 0 17 0 0 0 0 0 0 0 0 0 0 0 0 0 0 0 0 0 0 0 0 0 0 0 0 0 0 0 0 0 0 0 113 0 0 0 241 35 16 0 1 0 0 0 114 162 1 0 0 0 0 0 2 0 0 0 0 0 7 0 2 0 0 0 64 0 0 0 255 255 255 255 2 0 2 0 0 0 0 0 data 8 0x20002 0x2047e 0x90005 0x1695 0x26ca3a40 0xaec3 0x26ca4510 0x13f27 oops 2 4 java/util/HashMap 6 java/util/LinkedHashMap
ciMethodData java/util/HashMap putVal (ILjava/lang/Object;Ljava/lang/Object;ZZ)Ljava/lang/Object; 2 35208 orig 264 88 131 212 90 0 0 0 0 56 149 180 21 0 0 0 0 176 6 0 0 232 2 0 0 0 0 0 0 0 0 0 0 0 0 0 0 0 0 0 0 0 0 0 0 0 0 0 0 0 0 0 0 0 0 0 0 0 0 0 0 0 0 0 0 0 0 0 0 0 0 0 0 0 0 0 0 0 0 0 0 77 68 79 32 101 120 116 114 97 32 100 97 116 97 32 108 111 99 107 0 0 0 0 0 0 0 0 0 0 0 0 0 0 0 0 0 0 0 0 0 0 0 0 0 0 0 0 0 0 0 0 0 0 0 0 0 0 0 0 0 0 0 0 0 4 0 0 0 1 0 0 0 0 0 0 0 0 0 0 0 0 0 0 0 3 0 0 4 0 0 0 0 0 0 0 0 0 0 0 4 0 0 0 0 0 0 0 0 0 0 0 0 0 0 0 0 0 0 0 0 0 0 0 0 0 0 0 0 0 0 0 0 0 0 0 0 117 0 0 0 153 72 4 0 9 55 0 0 0 68 0 0 2 4 0 0 2 0 0 0 1 0 50 0 2 0 0 0 64 5 0 0 255 255 255 255 7 0 7 0 0 0 0 0 data 168 0x70007 0x1cd8 0x40 0x6c3b 0x100007 0x6c3b 0x50 0x0 0x140005 0xd2 0x26ca4510 0x655 0x26ca3a40 0x15b1 0x2c0007 0x3017 0x98 0x58fb 0x380005 0x11be 0x26ca3a40 0x4714 0x19deda90 0x29 0x3b0004 0x0 0x1f3f20a0 0x4732 0x19dedb40 0x11ca 0x3c0003 0x58fc 0x3d0 0x450007 0x1db1 0xc8 0x1266 0x510007 0x10ad 0x90 0x1b9 0x55e007 0x2 0x88 0x1b8 0x5b0005 0xa2 0x163ed7d0 0x54 0x299aa50 0xc2 0x5e0007 0x59 0x38 0x15f 0x650003 0x120c 0x278 0x6a0004 0xffffffffffffe1fe 0x1f3f20a0 0x6e 0x19dedb40 0xd 0x6d0007 0x1e02 0x98 0xa 0x720004 0x0 0x1f3f3200 0xa 0x0 0x0 0x7b0005 0xa 0x0 0x0 0x0 0x0 0x800003 0xa 0x1b0 0x8e0007 0xb98 0xb8 0x194b 0x980005 0x20 0x26ca3a40 0x14d6 0x26ca4510 0x455 0xa2e007 0x1946 0x148 0x7 0xa90005 0x7 0x0 0x0 0x0 0x0 0xac0003 0x7 0xf8 0xb50007 0x692 0xc8 0x506 0xc10007 0x47f 0xc0 0x87 0xc50007 0x0 0x88 0x87 0xcb4005 0x81 0x163ed7d0 0x5 0x19dedbf0 0x4 0xce0007 0x4f 0x38 0x3b 0xd10003 0x3b 0x30 0xdb0003 0x6e1 0xfffffffffffffe80 0xe00007 0x1957 0x90 0x16c6 0xece007 0x1684 0x40 0x43 0xf10007 0x43 0x20 0x0 0xfdf005 0x64 0x26ca3a40 0x1535 0x26ca4510 0x132 0x11c0007 0x6ec5 0x50 0x38e 0x1200005 0x10 0x26ca3a40 0x302 0x26ca4510 0x7c 0x1270005 0x1628 0x26ca3a40 0x5bf7 0x19deda90 0x34 oops 21 10 java/util/LinkedHashMap 12 java/util/HashMap 20 java/util/HashMap 22 java/io/ExpiringCache$1 26 java/util/HashMap$Node 28 java/util/LinkedHashMap$Entry 47 java/io/File 49 java/lang/String 60 java/util/HashMap$Node 62 java/util/LinkedHashMap$Entry 70 java/util/HashMap$TreeNode 89 java/util/HashMap 91 java/util/LinkedHashMap 120 java/io/File 122 sun/misc/ProxyGenerator$ConstantPool$IndirectEntry 148 java/util/HashMap 150 java/util/LinkedHashMap 158 java/util/HashMap 160 java/util/LinkedHashMap 164 java/util/HashMap 166 java/io/ExpiringCache$1
ciMethodData java/util/ArrayList get (I)Ljava/lang/Object; 2 89104 orig 264 88 131 212 90 0 0 0 0 152 6 179 21 0 0 0 0 144 1 0 0 0 0 0 0 0 0 0 0 0 0 0 0 0 0 0 0 0 0 0 0 0 0 0 0 0 0 0 0 0 0 0 0 0 0 0 0 0 0 0 0 0 0 0 0 0 0 0 0 0 0 0 0 0 0 0 0 0 0 0 0 77 68 79 32 101 120 116 114 97 32 100 97 116 97 32 108 111 99 107 0 0 0 0 0 0 0 0 0 0 0 0 0 0 0 0 0 0 0 0 0 0 0 0 0 0 0 0 0 0 0 0 0 0 0 0 0 0 0 0 0 0 0 0 0 0 0 0 0 0 0 0 0 0 0 0 0 0 0 0 0 0 0 0 0 0 0 0 0 0 0 0 0 0 0 0 0 0 0 0 0 0 0 0 0 0 0 0 0 0 0 0 0 0 0 0 0 0 0 0 0 0 0 0 0 0 0 0 0 0 0 0 0 0 0 0 0 16 1 0 0 1 216 10 0 1 0 0 0 0 0 0 0 0 0 0 0 2 0 0 0 0 0 0 0 0 0 0 0 64 0 0 0 255 255 255 255 2 0 2 0 0 0 0 0 data 8 0x20002 0x15b00 0x70005 0x0 0x1d932d20 0x15b00 0x0 0x0 oops 1 4 java/util/ArrayList
ciMethodData java/util/ArrayList rangeCheck (I)V 2 111298 orig 264 88 131 212 90 0 0 0 0 120 15 179 21 0 0 0 0 104 1 0 0 0 0 0 0 0 0 0 0 0 0 0 0 0 0 0 0 0 0 0 0 0 0 0 0 0 0 0 0 0 0 0 0 0 0 0 0 0 0 0 0 0 0 0 0 0 0 0 0 0 0 0 0 0 0 0 0 0 0 0 0 77 68 79 32 101 120 116 114 97 32 100 97 116 97 32 108 111 99 107 0 0 0 0 0 0 0 0 0 0 0 0 0 0 0 0 0 0 0 0 0 0 0 0 0 0 0 0 0 0 0 0 0 0 0 0 0 0 0 0 0 0 0 0 0 0 0 0 0 0 0 0 0 0 0 0 0 0 0 0 0 0 0 0 0 0 0 0 0 0 0 0 0 0 0 0 0 0 0 0 0 0 0 0 0 25 0 0 0 0 0 0 0 0 0 0 0 0 0 0 0 1 0 0 0 0 0 0 0 0 0 0 0 0 0 0 0 16 1 0 0 145 141 13 0 1 0 0 0 0 0 0 0 0 0 0 0 2 0 0 0 0 0 0 0 0 0 0 0 64 0 0 0 255 255 255 255 7 0 5 0 0 0 0 0 data 8 0x50007 0x1b1b2 0x40 0x0 0xe0002 0x0 0x110002 0x0 oops 0
ciMethodData java/util/ArrayList elementData (I)Ljava/lang/Object; 2 112267 orig 264 88 131 212 90 0 0 0 0 248 5 179 21 0 0 0 0 40 1 0 0 0 0 0 0 0 0 0 0 0 0 0 0 0 0 0 0 0 0 0 0 0 0 0 0 0 0 0 0 0 0 0 0 0 0 0 0 0 0 0 0 0 0 0 0 0 0 0 0 0 0 0 0 0 0 0 0 0 0 0 0 77 68 79 32 101 120 116 114 97 32 100 97 116 97 32 108 111 99 107 0 0 0 0 0 0 0 0 0 0 0 0 0 0 0 0 0 0 0 0 0 0 0 0 0 0 0 0 0 0 0 0 0 0 0 0 0 0 0 0 0 0 0 0 0 0 0 0 0 0 0 0 0 0 0 0 0 0 0 0 0 0 0 0 0 0 0 0 0 0 0 0 0 0 0 0 0 0 0 0 0 0 0 0 0 1 0 0 0 0 0 0 0 0 0 0 0 0 0 0 0 1 0 0 0 0 0 0 0 0 0 0 0 0 0 0 0 16 1 0 0 33 141 13 0 1 0 0 0 0 0 0 0 0 0 0 0 2 0 0 0 0 0 3 0 1 0 0 0 0 0 0 0 255 255 255 255 0 0 0 0 0 0 0 0 data 0 oops 0
ciMethod java/lang/AssertionError <init> ()V 0 0 1 0 -1
ciMethodData java/util/AbstractCollection <init> ()V 2 2404473 orig 264 88 131 212 90 0 0 0 0 176 118 178 21 0 0 0 0 48 1 0 0 0 0 0 0 0 0 0 0 0 0 0 0 0 0 0 0 0 0 0 0 0 0 0 0 0 0 0 0 0 0 0 0 0 0 0 0 0 0 0 0 0 0 0 0 0 0 0 0 0 0 0 0 0 0 0 0 0 0 0 0 77 68 79 32 101 120 116 114 97 32 100 97 116 97 32 108 111 99 107 0 0 0 0 0 0 0 0 0 0 0 0 0 0 0 0 0 0 0 0 0 0 0 0 0 0 0 0 0 0 0 0 0 0 0 0 0 0 0 0 0 0 0 0 0 0 0 0 0 0 0 0 0 0 0 0 0 0 0 0 0 0 0 0 0 0 0 0 0 0 0 0 0 0 0 0 0 0 0 0 0 0 0 0 0 1 0 0 0 0 0 0 0 0 0 0 0 0 0 0 0 1 0 0 0 0 0 0 0 0 0 0 0 0 0 0 0 50 0 0 0 57 130 37 1 1 0 0 0 0 0 0 0 0 0 0 0 2 0 0 0 0 0 3 0 2 0 0 0 16 0 0 0 255 255 255 255 2 0 1 0 0 0 0 0 data 2 0x10002 0x24b07b oops 0
ciMethod java/util/Collections$UnmodifiableCollection$1 <init> (Ljava/util/Collections$UnmodifiableCollection;)V 2041 1 10531 0 0
ciMethod java/util/Collections$UnmodifiableCollection$1 hasNext ()Z 2049 1 22916 0 64
ciMethod java/util/Collections$UnmodifiableCollection$1 next ()Ljava/lang/Object; 2049 1 18182 0 64
ciMethodData java/util/HashMap resize ()[Ljava/util/HashMap$Node; 2 22945 orig 264 88 131 212 90 0 0 0 0 104 151 180 21 0 0 0 0 56 6 0 0 176 1 0 0 0 0 0 0 0 0 0 0 0 0 0 0 0 0 0 0 0 0 0 0 0 0 0 0 0 0 0 0 0 0 0 0 0 0 0 0 0 0 0 0 0 0 0 0 0 0 0 0 0 0 0 0 0 0 0 0 77 68 79 32 101 120 116 114 97 32 100 97 116 97 32 108 111 99 107 0 0 0 0 0 0 0 0 0 0 0 0 0 0 0 0 0 0 0 0 0 0 0 0 0 0 0 0 0 0 0 0 0 0 0 0 0 0 0 0 0 0 0 0 0 0 0 0 0 0 0 0 0 0 0 0 0 0 0 0 0 0 0 0 0 0 0 0 0 0 0 0 0 0 0 0 0 0 0 0 0 0 0 0 0 0 0 0 0 0 0 0 0 0 0 0 0 0 0 0 0 0 0 0 0 0 0 0 0 0 0 0 0 0 0 0 0 46 0 0 0 153 52 0 0 25 204 2 0 0 0 0 0 0 0 0 0 2 0 0 0 2 0 56 0 2 0 0 0 240 4 0 0 255 255 255 255 7 0 6 0 0 0 0 0 data 158 0x60007 0x280 0x38 0x413 0xa0003 0x413 0x18 0x190007 0x413 0x98 0x280 0x1f0007 0x280 0x20 0x0 0x320007 0x0 0x90 0x280 0x380007 0xe2 0x70 0x19e 0x400003 0x19e 0x50 0x440007 0x36 0x38 0x3dd 0x4a0003 0x3dd 0x18 0x570007 0x1d4 0x78 0x4bf 0x680007 0x0 0x58 0x4bf 0x700007 0x0 0x38 0x4bf 0x760003 0x4bf 0x18 0x880004 0x0 0x1f3f2150 0x114 0x0 0x0 0x940007 0x413 0x340 0x280 0x9d0007 0x280 0x320 0x408f 0xa70007 0x1ce8 0x2e8 0x23a7 0xae0104 0x0 0x0 0x0 0x0 0x0 0xb40007 0xb0d 0x68 0x189a 0xc50004 0x0 0x1f3f20a0 0x634 0x19dedb40 0x1266 0xc60003 0x189a 0x248 0xcb0004 0xfffffffffffff4f3 0x1f3f20a0 0x1e 0x19dedb40 0x79 0xce0007 0xb0d 0x98 0x0 0xd30004 0x0 0x0 0x0 0x0 0x0 0xdc0005 0x0 0x0 0x0 0x0 0x0 0xdf0003 0x0 0x180 0xfc0007 0xcf9 0x70 0xc92 0x1010007 0x3e2 0x38 0x8b0 0x1080003 0x8b0 0x18 0x1160003 0xc92 0x50 0x11b0007 0x41f 0x38 0x8da 0x1220003 0x8da 0x18 0x1350007 0xe7e 0xffffffffffffff58 0xb0d 0x13a0007 0x25d 0x50 0x8b0 0x1490004 0x0 0x1f3f20a0 0x257 0x19dedb40 0x659 0x14c0007 0x233 0x50 0x8da 0x15d0004 0x0 0x1f3f20a0 0x20f 0x19dedb40 0x6cb 0x1610003 0x408f 0xfffffffffffffcf8 oops 9 50 [Ljava/util/HashMap$Node; 78 java/util/HashMap$Node 80 java/util/LinkedHashMap$Entry 87 java/util/HashMap$Node 89 java/util/LinkedHashMap$Entry 141 java/util/HashMap$Node 143 java/util/LinkedHashMap$Entry 151 java/util/HashMap$Node 153 java/util/LinkedHashMap$Entry
ciMethodData java/util/HashMap$Node <init> (ILjava/lang/Object;Ljava/lang/Object;Ljava/util/HashMap$Node;)V 2 13702 orig 264 88 131 212 90 0 0 0 0 104 215 180 21 0 0 0 0 80 1 0 0 0 0 0 0 0 0 0 0 0 0 0 0 0 0 0 0 0 0 0 0 0 0 0 0 0 0 0 0 0 0 0 0 0 0 0 0 0 0 0 0 0 0 0 0 0 0 0 0 0 0 0 0 0 0 0 0 0 0 0 0 77 68 79 32 101 120 116 114 97 32 100 97 116 97 32 108 111 99 107 0 0 0 0 0 0 0 0 0 0 0 0 0 0 0 0 0 0 0 0 0 0 0 0 0 0 0 0 0 0 0 0 0 0 0 0 0 0 0 0 0 0 0 0 0 0 0 0 0 0 0 0 0 0 0 0 0 0 0 0 0 0 0 0 0 0 0 0 0 0 0 0 0 0 0 0 0 0 0 0 0 0 0 0 0 1 0 0 0 0 0 0 0 0 0 0 0 0 0 0 0 1 0 0 0 0 0 0 0 0 0 0 0 0 0 0 0 0 1 0 0 49 164 1 0 1 0 0 0 0 0 0 0 0 0 0 0 2 0 0 0 0 0 3 0 2 0 0 0 16 0 0 0 255 255 255 255 2 0 1 0 0 0 0 0 data 2 0x10002 0x3486 oops 0
ciMethodData java/util/HashSet add (Ljava/lang/Object;)Z 2 229110 orig 264 88 131 212 90 0 0 0 0 96 104 194 21 0 0 0 0 184 1 0 0 0 0 0 0 0 0 0 0 0 0 0 0 0 0 0 0 0 0 0 0 0 0 0 0 0 0 0 0 0 0 0 0 0 0 0 0 0 0 0 0 0 0 0 0 0 0 0 0 0 0 0 0 0 0 0 0 0 0 0 0 77 68 79 32 101 120 116 114 97 32 100 97 116 97 32 108 111 99 107 0 0 0 0 0 0 0 0 0 0 0 0 0 0 0 0 0 0 0 0 0 0 0 0 0 0 0 0 0 0 0 0 0 0 0 0 0 0 0 0 0 0 0 0 0 0 0 0 0 0 0 0 0 0 0 0 0 0 0 0 0 0 0 0 0 0 0 0 0 0 0 0 0 0 0 0 0 0 0 0 0 0 0 0 0 17 0 0 0 0 0 0 0 0 0 0 0 0 0 0 0 1 0 0 0 0 0 0 0 0 0 0 0 0 0 0 0 4 1 0 0 145 239 27 0 1 0 0 0 0 0 0 0 0 0 0 0 2 0 0 0 0 0 6 0 2 0 0 0 104 0 0 0 255 255 255 255 5 0 8 0 0 0 0 0 data 13 0x80005 0x0 0x26ca4510 0x23b92 0x26ca3a40 0x14260 0xb0007 0x11641 0x38 0x267b5 0xf0003 0x267b6 0x18 oops 2 2 java/util/LinkedHashMap 4 java/util/HashMap
ciMethodData java/util/HashMap newNode (ILjava/lang/Object;Ljava/lang/Object;Ljava/util/HashMap$Node;)Ljava/util/HashMap$Node; 2 5568 orig 264 88 131 212 90 0 0 0 0 208 176 180 21 0 0 0 0 80 1 0 0 0 0 0 0 0 0 0 0 0 0 0 0 0 0 0 0 0 0 0 0 0 0 0 0 0 0 0 0 0 0 0 0 0 0 0 0 0 0 0 0 0 0 0 0 0 0 0 0 0 0 0 0 0 0 0 0 0 0 0 0 77 68 79 32 101 120 116 114 97 32 100 97 116 97 32 108 111 99 107 0 0 0 0 0 0 0 0 0 0 0 0 0 0 0 0 0 0 0 0 0 0 0 0 0 0 0 0 0 0 0 0 0 0 0 0 0 0 0 0 0 0 0 0 0 0 0 0 0 0 0 0 0 0 0 0 0 0 0 0 0 0 0 0 0 0 0 0 0 0 0 0 0 0 0 0 0 0 0 0 0 0 0 0 0 13 0 0 0 0 0 0 0 1 0 0 0 0 0 0 0 1 0 0 0 0 0 0 0 0 0 0 0 0 0 0 0 3 1 0 0 233 165 0 0 1 0 0 0 0 0 0 0 0 0 0 0 2 0 0 0 0 0 3 0 2 0 0 0 16 0 0 0 255 255 255 255 2 0 9 0 0 0 0 0 data 2 0x90002 0x14bd oops 0
ciMethodData java/util/HashMap afterNodeInsertion (Z)V 2 1311 orig 264 88 131 212 90 0 0 0 0 152 180 180 21 0 0 0 0 40 1 0 0 0 0 0 0 0 0 0 0 0 0 0 0 0 0 0 0 0 0 0 0 0 0 0 0 0 0 0 0 0 0 0 0 0 0 0 0 0 0 0 0 0 0 0 0 0 0 0 0 0 0 0 0 0 0 0 0 0 0 0 0 77 68 79 32 101 120 116 114 97 32 100 97 116 97 32 108 111 99 107 0 0 0 0 0 0 0 0 0 0 0 0 0 0 0 0 0 0 0 0 0 0 0 0 0 0 0 0 0 0 0 0 0 0 0 0 0 0 0 0 0 0 0 0 0 0 0 0 0 0 0 0 0 0 0 0 0 0 0 0 0 0 0 0 0 0 0 0 0 0 0 0 0 0 0 0 0 0 0 0 0 0 0 0 0 0 0 0 0 0 0 0 0 0 0 0 0 0 0 0 0 0 0 0 0 0 0 0 0 0 0 0 0 0 0 0 0 3 1 0 0 225 32 0 0 1 0 0 0 0 0 0 0 0 0 0 0 2 0 0 0 0 0 3 0 1 0 0 0 0 0 0 0 255 255 255 255 0 0 0 0 0 0 0 0 data 0 oops 0
ciMethodData java/util/LinkedHashMap newNode (ILjava/lang/Object;Ljava/lang/Object;Ljava/util/HashMap$Node;)Ljava/util/HashMap$Node; 2 6990 orig 264 88 131 212 90 0 0 0 0 80 29 188 21 0 0 0 0 96 1 0 0 0 0 0 0 0 0 0 0 0 0 0 0 0 0 0 0 0 0 0 0 0 0 0 0 0 0 0 0 0 0 0 0 0 0 0 0 0 0 0 0 0 0 0 0 0 0 0 0 0 0 0 0 0 0 0 0 0 0 0 0 77 68 79 32 101 120 116 114 97 32 100 97 116 97 32 108 111 99 107 0 0 0 0 0 0 0 0 0 0 0 0 0 0 0 0 0 0 0 0 0 0 0 0 0 0 0 0 0 0 0 0 0 0 0 0 0 0 0 0 0 0 0 0 0 0 0 0 0 0 0 0 0 0 0 0 0 0 0 0 0 0 0 0 0 0 0 0 0 0 0 0 0 0 0 0 0 0 0 0 0 0 0 0 0 29 0 0 0 0 0 0 0 0 0 0 0 0 0 0 0 1 0 0 0 0 0 0 0 0 0 0 0 0 0 0 0 0 1 0 0 113 210 0 0 1 0 0 0 0 0 0 0 0 0 0 0 2 0 0 0 0 0 7 0 2 0 0 0 32 0 0 0 255 255 255 255 2 0 9 0 0 0 0 0 data 4 0x90002 0x1a4e 0x110002 0x1a4e oops 0
ciMethodData java/util/LinkedHashMap$Entry <init> (ILjava/lang/Object;Ljava/lang/Object;Ljava/util/HashMap$Node;)V 2 7122 orig 264 88 131 212 90 0 0 0 0 88 117 188 21 0 0 0 0 80 1 0 0 0 0 0 0 0 0 0 0 0 0 0 0 0 0 0 0 0 0 0 0 0 0 0 0 0 0 0 0 0 0 0 0 0 0 0 0 0 0 0 0 0 0 0 0 0 0 0 0 0 0 0 0 0 0 0 0 0 0 0 0 77 68 79 32 101 120 116 114 97 32 100 97 116 97 32 108 111 99 107 0 0 0 0 0 0 0 0 0 0 0 0 0 0 0 0 0 0 0 0 0 0 0 0 0 0 0 0 0 0 0 0 0 0 0 0 0 0 0 0 0 0 0 0 0 0 0 0 0 0 0 0 0 0 0 0 0 0 0 0 0 0 0 0 0 0 0 0 0 0 0 0 0 0 0 0 0 0 0 0 0 0 0 0 0 1 0 0 0 0 0 0 0 0 0 0 0 0 0 0 0 1 0 0 0 0 0 0 0 0 0 0 0 0 0 0 0 0 1 0 0 145 214 0 0 1 0 0 0 0 0 0 0 0 0 0 0 2 0 0 0 0 0 3 0 2 0 0 0 16 0 0 0 255 255 255 255 2 0 6 0 0 0 0 0 data 2 0x60002 0x1ad2 oops 0
ciMethodData java/util/LinkedHashMap linkNodeLast (Ljava/util/LinkedHashMap$Entry;)V 2 6990 orig 264 88 131 212 90 0 0 0 0 48 27 188 21 0 0 0 0 96 1 0 0 0 0 0 0 0 0 0 0 0 0 0 0 0 0 0 0 0 0 0 0 0 0 0 0 0 0 0 0 0 0 0 0 0 0 0 0 0 0 0 0 0 0 0 0 0 0 0 0 0 0 0 0 0 0 0 0 0 0 0 0 77 68 79 32 101 120 116 114 97 32 100 97 116 97 32 108 111 99 107 0 0 0 0 0 0 0 0 0 0 0 0 0 0 0 0 0 0 0 0 0 0 0 0 0 0 0 0 0 0 0 0 0 0 0 0 0 0 0 0 0 0 0 0 0 0 0 0 0 0 0 0 0 0 0 0 0 0 0 0 0 0 0 0 0 0 0 0 0 0 0 0 0 0 0 0 0 0 0 0 0 0 0 0 0 17 0 0 0 0 0 0 0 0 0 0 0 0 0 0 0 1 0 0 0 0 0 0 0 0 0 0 0 0 0 0 0 1 1 0 0 105 210 0 0 1 0 0 0 0 0 0 0 0 0 0 0 2 0 0 0 0 0 0 0 0 0 0 0 56 0 0 0 255 255 255 255 7 0 11 0 0 0 0 0 data 7 0xb0007 0x188c 0x38 0x1c1 0x130003 0x1c1 0x18 oops 0
ciMethodData java/util/LinkedHashMap afterNodeInsertion (Z)V 2 18824 orig 264 88 131 212 90 0 0 0 0 0 33 188 21 0 0 0 0 32 2 0 0 112 0 0 0 0 0 0 0 0 0 0 0 0 0 0 0 0 0 0 0 0 0 0 0 0 0 0 0 0 0 0 0 0 0 0 0 0 0 0 0 0 0 0 0 0 0 0 0 0 0 0 0 0 0 0 0 0 0 0 0 77 68 79 32 101 120 116 114 97 32 100 97 116 97 32 108 111 99 107 0 0 0 0 0 0 0 0 0 0 0 0 0 0 0 0 0 0 0 0 0 0 0 0 0 0 0 0 0 0 0 0 0 0 0 0 0 0 0 0 0 0 0 0 0 2 0 0 0 0 0 0 0 0 0 0 0 0 0 0 0 0 0 0 0 0 0 0 0 0 0 0 0 0 0 0 0 0 0 0 2 0 0 0 0 17 0 0 0 0 0 0 0 0 0 0 0 0 0 0 0 0 0 0 0 0 0 0 0 0 0 0 0 0 0 0 0 132 1 0 0 33 64 2 0 1 0 0 0 21 52 0 0 0 0 0 0 2 0 0 0 0 0 14 0 2 0 0 0 208 0 0 0 255 255 255 255 7 224 1 0 0 0 0 0 data 26 0x1e007 0x110 0xd0 0x46f5 0xa0007 0x0 0xb0 0x46f5 0xf0005 0x0 0x26ca4510 0x4645 0x19deda90 0xb0 0x12e007 0x46e9 0x60 0xe 0x1c0002 0xe 0x230005 0x2 0x19deda90 0xc 0x0 0x0 oops 3 10 java/util/LinkedHashMap 12 java/io/ExpiringCache$1 22 java/io/ExpiringCache$1
ciMethod java/util/LinkedList size ()I 1033 1 129 0 0
ciMethod java/util/LinkedList get (I)Ljava/lang/Object; 1809 1 120384 0 256
ciMethod java/util/LinkedList isElementIndex (I)Z 2057 1 126306 0 0
ciMethod java/util/LinkedList checkElementIndex (I)V 2057 1 126306 0 0
ciMethod java/util/LinkedList node (I)Ljava/util/LinkedList$Node; 1217 1 5273 0 160
ciMethodData java/util/HashMap afterNodeAccess (Ljava/util/HashMap$Node;)V 2 1281 orig 264 88 131 212 90 0 0 0 0 8 180 180 21 0 0 0 0 40 1 0 0 0 0 0 0 0 0 0 0 0 0 0 0 0 0 0 0 0 0 0 0 0 0 0 0 0 0 0 0 0 0 0 0 0 0 0 0 0 0 0 0 0 0 0 0 0 0 0 0 0 0 0 0 0 0 0 0 0 0 0 0 77 68 79 32 101 120 116 114 97 32 100 97 116 97 32 108 111 99 107 0 0 0 0 0 0 0 0 0 0 0 0 0 0 0 0 0 0 0 0 0 0 0 0 0 0 0 0 0 0 0 0 0 0 0 0 0 0 0 0 0 0 0 0 0 0 0 0 0 0 0 0 0 0 0 0 0 0 0 0 0 0 0 0 0 0 0 0 0 0 0 0 0 0 0 0 0 0 0 0 0 0 0 0 0 0 0 0 0 0 0 0 0 0 0 0 0 0 0 0 0 0 0 0 0 0 0 0 0 0 0 0 0 0 0 0 0 1 1 0 0 1 32 0 0 1 0 0 0 0 0 0 0 0 0 0 0 2 0 0 0 0 0 3 0 1 0 0 0 0 0 0 0 255 255 255 255 0 0 0 0 0 0 0 0 data 0 oops 0
ciMethod java/util/LinkedList$ListItr hasNext ()Z 2129 1 328271 0 64
ciMethod java/util/LinkedList$ListItr next ()Ljava/lang/Object; 2049 1 5376 0 192
ciMethod java/util/LinkedList$ListItr checkForComodification ()V 2049 1 22752 0 96
ciMethodData java/lang/Number <init> ()V 2 145733 orig 264 88 131 212 90 0 0 0 0 80 233 175 21 0 0 0 0 48 1 0 0 0 0 0 0 0 0 0 0 0 0 0 0 0 0 0 0 0 0 0 0 0 0 0 0 0 0 0 0 0 0 0 0 0 0 0 0 0 0 0 0 0 0 0 0 0 0 0 0 0 0 0 0 0 0 0 0 0 0 0 0 77 68 79 32 101 120 116 114 97 32 100 97 116 97 32 108 111 99 107 0 0 0 0 0 0 0 0 0 0 0 0 0 0 0 0 0 0 0 0 0 0 0 0 0 0 0 0 0 0 0 0 0 0 0 0 0 0 0 0 0 0 0 0 0 0 0 0 0 0 0 0 0 0 0 0 0 0 0 0 0 0 0 0 0 0 0 0 0 0 0 0 0 0 0 0 0 0 0 0 0 0 0 0 0 1 0 0 0 0 0 0 0 0 0 0 0 0 0 0 0 1 0 0 0 0 0 0 0 0 0 0 0 0 0 0 0 155 1 0 0 73 189 17 0 1 0 0 0 0 0 0 0 0 0 0 0 2 0 0 0 0 0 3 0 2 0 0 0 16 0 0 0 255 255 255 255 2 0 1 0 0 0 0 0 data 2 0x10002 0x237a9 oops 0
ciMethodData java/util/Collections$UnmodifiableCollection$1 hasNext ()Z 2 22916 orig 264 88 131 212 90 0 0 0 0 80 154 208 21 0 0 0 0 120 1 0 0 0 0 0 0 0 0 0 0 0 0 0 0 0 0 0 0 0 0 0 0 0 0 0 0 0 0 0 0 0 0 0 0 0 0 0 0 0 0 0 0 0 0 0 0 0 0 0 0 0 0 0 0 0 0 0 0 0 0 0 0 77 68 79 32 101 120 116 114 97 32 100 97 116 97 32 108 111 99 107 0 0 0 0 0 0 0 0 0 0 0 0 0 0 0 0 0 0 0 0 0 0 0 0 0 0 0 0 0 0 0 0 0 0 0 0 0 0 0 0 0 0 0 0 0 0 0 0 0 0 0 0 0 0 0 0 0 0 0 0 0 0 0 0 0 0 0 0 0 0 0 0 0 0 0 0 0 0 0 0 0 0 0 0 0 0 0 0 0 0 0 0 0 0 0 0 0 0 0 0 0 0 0 0 0 0 0 0 0 0 0 0 0 0 0 0 0 0 1 0 0 33 196 2 0 1 0 0 0 0 0 0 0 0 0 0 0 2 0 0 0 0 0 3 0 2 0 0 0 48 0 0 0 255 255 255 255 5 0 4 0 0 0 0 0 data 6 0x40005 0x4bd1 0x19f55e40 0x643 0x1f699890 0x670 oops 2 2 java/util/AbstractList$Itr 4 java/util/ArrayList$Itr
ciMethodData java/util/LinkedHashMap afterNodeAccess (Ljava/util/HashMap$Node;)V 2 5269 orig 264 88 131 212 90 0 0 0 0 24 34 188 21 0 0 0 0 104 2 0 0 200 0 0 0 0 0 0 0 0 0 0 0 0 0 0 0 0 0 0 0 0 0 0 0 0 0 0 0 0 0 0 0 0 0 0 0 0 0 0 0 0 0 0 0 0 0 0 0 0 0 0 0 0 0 0 0 0 0 0 0 77 68 79 32 101 120 116 114 97 32 100 97 116 97 32 108 111 99 107 0 0 0 0 0 0 0 0 0 0 0 0 0 0 0 0 0 0 0 0 0 0 0 0 0 0 0 0 0 0 0 0 0 0 0 0 0 0 0 0 0 0 0 0 0 0 0 0 0 0 0 0 0 0 0 0 0 0 0 0 0 0 0 0 0 0 0 0 0 0 0 0 0 0 0 0 0 0 0 0 0 0 0 0 0 17 0 0 0 0 0 0 0 0 0 0 0 0 0 0 0 1 0 0 0 0 0 0 0 0 0 0 0 0 0 0 0 149 0 0 0 1 160 0 0 1 0 0 0 0 0 0 0 0 0 0 0 2 0 0 0 0 0 17 0 2 0 0 0 24 1 0 0 255 255 255 255 7 0 4 0 0 0 0 0 data 35 0x40007 0x13f1 0x118 0xf 0xe0007 0x0 0xf8 0xf 0x120004 0x0 0x19dedb40 0xf 0x0 0x0 0x290007 0x0 0x38 0xf 0x320003 0xf 0x18 0x3e0007 0x0 0x38 0xf 0x480003 0xf 0x18 0x4f0007 0xf 0x38 0x0 0x570003 0x0 0x18 oops 1 10 java/util/LinkedHashMap$Entry
ciMethodData java/lang/Object equals (Ljava/lang/Object;)Z 2 120237 orig 264 88 131 212 90 0 0 0 0 232 6 166 21 0 0 0 0 136 1 0 0 0 0 0 0 0 0 0 0 0 0 0 0 0 0 0 0 0 0 0 0 0 0 0 0 0 0 0 0 0 0 0 0 0 0 0 0 0 0 0 0 0 0 0 0 0 0 0 0 0 0 0 0 0 0 0 0 0 0 0 0 77 68 79 32 101 120 116 114 97 32 100 97 116 97 32 108 111 99 107 0 0 0 0 0 0 0 0 0 0 0 0 0 0 0 0 0 0 0 0 0 0 0 0 0 0 0 0 0 0 0 0 0 0 0 0 0 0 0 0 0 0 0 0 0 0 0 0 0 0 0 0 0 0 0 0 0 0 0 0 0 0 0 0 0 0 0 0 0 0 0 0 0 0 0 0 0 0 0 0 0 0 0 0 0 1 0 0 0 0 0 0 0 0 0 0 0 0 0 0 0 3 0 0 0 0 0 0 0 0 0 0 0 0 0 0 0 19 1 0 0 209 164 14 0 1 0 0 0 0 0 0 0 0 0 0 0 2 0 0 0 0 0 6 0 2 0 0 0 56 0 0 0 255 255 255 255 7 0 2 0 0 0 0 0 data 7 0x20007 0x14cfa 0x38 0x87b2 0x60003 0x87af 0x18 oops 0
ciMethodData java/util/LinkedList$ListItr hasNext ()Z 2 328271 orig 264 88 131 212 90 0 0 0 0 96 226 215 21 0 0 0 0 88 1 0 0 0 0 0 0 0 0 0 0 0 0 0 0 0 0 0 0 0 0 0 0 0 0 0 0 0 0 0 0 0 0 0 0 0 0 0 0 0 0 0 0 0 0 0 0 0 0 0 0 0 0 0 0 0 0 0 0 0 0 0 0 77 68 79 32 101 120 116 114 97 32 100 97 116 97 32 108 111 99 107 0 0 0 0 0 0 0 0 0 0 0 0 0 0 0 0 0 0 0 0 0 0 0 0 0 0 0 0 0 0 0 0 0 0 0 0 0 0 0 0 0 0 0 0 0 0 0 0 0 0 0 0 0 0 0 0 0 0 0 0 0 0 0 0 0 0 0 0 0 0 0 0 0 0 0 0 0 0 0 0 0 0 0 0 0 1 0 0 0 0 0 0 0 0 0 0 0 0 0 0 0 1 0 0 0 0 0 0 0 0 0 0 0 0 0 0 0 10 1 0 0 41 10 40 0 1 0 0 0 0 0 0 0 0 0 0 0 2 0 0 0 0 0 6 0 2 0 0 0 56 0 0 0 255 255 255 255 7 0 11 0 0 0 0 0 data 7 0xb0007 0xf6fb 0x38 0x40a55 0xf0003 0x40a55 0x18 oops 0
ciMethodData java/util/LinkedList$ListItr checkForComodification ()V 2 22752 orig 264 88 131 212 90 0 0 0 0 240 233 215 21 0 0 0 0 80 1 0 0 0 0 0 0 0 0 0 0 0 0 0 0 0 0 0 0 0 0 0 0 0 0 0 0 0 0 0 0 0 0 0 0 0 0 0 0 0 0 0 0 0 0 0 0 0 0 0 0 0 0 0 0 0 0 0 0 0 0 0 0 77 68 79 32 101 120 116 114 97 32 100 97 116 97 32 108 111 99 107 0 0 0 0 0 0 0 0 0 0 0 0 0 0 0 0 0 0 0 0 0 0 0 0 0 0 0 0 0 0 0 0 0 0 0 0 0 0 0 0 0 0 0 0 0 0 0 0 0 0 0 0 0 0 0 0 0 0 0 0 0 0 0 0 0 0 0 0 0 0 0 0 0 0 0 0 0 0 0 0 0 0 0 0 0 25 0 0 0 0 0 0 0 0 0 0 0 0 0 0 0 1 0 0 0 0 0 0 0 0 0 0 0 0 0 0 0 0 1 0 0 1 191 2 0 1 0 0 0 0 0 0 0 0 0 0 0 2 0 0 0 0 0 5 0 2 0 0 0 48 0 0 0 255 255 255 255 7 0 11 0 0 0 0 0 data 6 0xb0007 0x57e2 0x30 0x0 0x120002 0x0 oops 0
ciMethodData java/util/LinkedList$ListItr next ()Ljava/lang/Object; 2 5376 orig 264 88 131 212 90 0 0 0 0 48 227 215 21 0 0 0 0 216 1 0 0 0 0 0 0 0 0 0 0 0 0 0 0 0 0 0 0 0 0 0 0 0 0 0 0 0 0 0 0 0 0 0 0 0 0 0 0 0 0 0 0 0 0 0 0 0 0 0 0 0 0 0 0 0 0 0 0 0 0 0 0 77 68 79 32 101 120 116 114 97 32 100 97 116 97 32 108 111 99 107 0 0 0 0 0 0 0 0 0 0 0 0 0 0 0 0 0 0 0 0 0 0 0 0 0 0 0 0 0 0 0 0 0 0 0 0 0 0 0 0 0 0 0 0 0 0 0 0 0 0 0 0 0 0 0 0 0 0 0 0 0 0 0 0 0 0 0 0 0 0 0 0 0 0 0 0 0 0 0 0 0 0 0 0 0 0 0 0 0 0 0 0 0 0 0 0 0 0 0 0 0 0 0 0 0 0 0 0 0 0 0 0 0 0 0 0 0 0 1 0 0 1 160 0 0 1 0 0 0 0 0 0 0 0 0 0 0 2 0 0 0 0 0 12 0 2 0 0 0 144 0 0 0 255 255 255 255 5 0 1 0 0 0 0 0 data 18 0x10005 0x0 0x26918e00 0x1400 0x0 0x0 0x50005 0x0 0x26918e00 0x1400 0x0 0x0 0x80007 0x1400 0x30 0x0 0xf0002 0x0 oops 2 2 java/util/LinkedList$ListItr 8 java/util/LinkedList$ListItr
ciMethodData java/util/Arrays copyOf ([Ljava/lang/Object;I)[Ljava/lang/Object; 2 35264 orig 264 88 131 212 90 0 0 0 0 224 17 184 21 0 0 0 0 192 1 0 0 0 0 0 0 0 0 0 0 0 0 0 0 0 0 0 0 0 0 0 0 0 0 0 0 0 0 0 0 0 0 0 0 0 0 0 0 0 0 0 0 0 0 0 0 0 0 0 0 0 0 0 0 0 0 0 0 0 0 0 0 77 68 79 32 101 120 116 114 97 32 100 97 116 97 32 108 111 99 107 0 0 0 0 0 0 0 0 0 0 0 0 0 0 0 0 0 0 0 0 0 0 0 0 0 0 0 0 0 0 0 0 0 0 0 0 0 0 0 0 0 0 0 0 0 0 0 0 0 0 0 0 0 0 0 0 0 0 0 0 0 0 0 0 0 0 0 0 0 0 0 0 0 0 0 0 0 0 0 0 0 0 0 0 0 17 0 0 0 0 0 0 0 0 0 0 0 0 0 0 0 0 0 0 0 0 0 0 0 0 0 0 0 0 0 0 0 0 1 0 0 1 70 4 0 1 0 0 0 0 0 0 0 0 0 0 0 2 0 0 0 0 0 3 0 2 0 0 0 112 0 0 0 255 255 255 255 5 0 3 0 0 0 0 0 data 14 0x30005 0x59d 0x23552410 0x830a 0x23373f60 0x19 0x60002 0x88be 0x90004 0x0 0x0 0x0 0x0 0x0 oops 2 2 [Ljava/lang/Object; 4 [Ljava/lang/Class;
ciMethod java/util/NoSuchElementException <init> ()V 0 0 1 0 -1
ciMethodData java/util/Collections$UnmodifiableCollection$1 next ()Ljava/lang/Object; 2 18182 orig 264 88 131 212 90 0 0 0 0 240 154 208 21 0 0 0 0 120 1 0 0 0 0 0 0 0 0 0 0 0 0 0 0 0 0 0 0 0 0 0 0 0 0 0 0 0 0 0 0 0 0 0 0 0 0 0 0 0 0 0 0 0 0 0 0 0 0 0 0 0 0 0 0 0 0 0 0 0 0 0 0 77 68 79 32 101 120 116 114 97 32 100 97 116 97 32 108 111 99 107 0 0 0 0 0 0 0 0 0 0 0 0 0 0 0 0 0 0 0 0 0 0 0 0 0 0 0 0 0 0 0 0 0 0 0 0 0 0 0 0 0 0 0 0 0 0 0 0 0 0 0 0 0 0 0 0 0 0 0 0 0 0 0 0 0 0 0 0 0 0 0 0 0 0 0 0 0 0 0 0 0 0 0 0 0 0 0 0 0 0 0 0 0 0 0 0 0 0 0 0 0 0 0 0 0 0 0 0 0 0 0 0 0 0 0 0 0 0 1 0 0 49 48 2 0 1 0 0 0 0 0 0 0 0 0 0 0 2 0 0 0 0 0 3 0 2 0 0 0 48 0 0 0 255 255 255 255 5 0 4 0 0 0 0 0 data 6 0x40005 0x3ac8 0x1f699890 0x6a3 0x19f55e40 0x49b oops 2 2 java/util/ArrayList$Itr 4 java/util/AbstractList$Itr
ciMethodData java/util/Collections$UnmodifiableCollection iterator ()Ljava/util/Iterator; 2 10531 orig 264 88 131 212 90 0 0 0 0 168 17 180 21 0 0 0 0 48 1 0 0 0 0 0 0 0 0 0 0 0 0 0 0 0 0 0 0 0 0 0 0 0 0 0 0 0 0 0 0 0 0 0 0 0 0 0 0 0 0 0 0 0 0 0 0 0 0 0 0 0 0 0 0 0 0 0 0 0 0 0 0 77 68 79 32 101 120 116 114 97 32 100 97 116 97 32 108 111 99 107 0 0 0 0 0 0 0 0 0 0 0 0 0 0 0 0 0 0 0 0 0 0 0 0 0 0 0 0 0 0 0 0 0 0 0 0 0 0 0 0 0 0 0 0 0 0 0 0 0 0 0 0 0 0 0 0 0 0 0 0 0 0 0 0 0 0 0 0 0 0 0 0 0 0 0 0 0 0 0 0 0 0 0 0 0 0 0 0 0 0 0 0 0 0 0 0 0 0 0 0 0 0 0 0 0 0 0 0 0 0 0 0 0 0 0 0 0 0 1 0 0 25 65 1 0 1 0 0 0 0 0 0 0 0 0 0 0 2 0 0 0 0 0 3 0 2 0 0 0 16 0 0 0 255 255 255 255 2 0 5 0 0 0 0 0 data 2 0x50002 0x2823 oops 0
ciMethodData java/util/Collections$UnmodifiableCollection$1 <init> (Ljava/util/Collections$UnmodifiableCollection;)V 2 10531 orig 264 88 131 212 90 0 0 0 0 184 153 208 21 0 0 0 0 144 1 0 0 0 0 0 0 0 0 0 0 0 0 0 0 0 0 0 0 0 0 0 0 0 0 0 0 0 0 0 0 0 0 0 0 0 0 0 0 0 0 0 0 0 0 0 0 0 0 0 0 0 0 0 0 0 0 0 0 0 0 0 0 77 68 79 32 101 120 116 114 97 32 100 97 116 97 32 108 111 99 107 0 0 0 0 0 0 0 0 0 0 0 0 0 0 0 0 0 0 0 0 0 0 0 0 0 0 0 0 0 0 0 0 0 0 0 0 0 0 0 0 0 0 0 0 0 0 0 0 0 0 0 0 0 0 0 0 0 0 0 0 0 0 0 0 0 0 0 0 0 0 0 0 0 0 0 0 0 0 0 0 0 0 0 0 0 0 0 0 0 0 0 0 0 0 0 0 0 0 0 0 0 0 0 0 0 0 0 0 0 0 0 0 0 0 0 0 0 255 0 0 0 33 65 1 0 1 0 0 0 0 0 0 0 0 0 0 0 2 0 0 0 0 0 0 0 0 0 0 0 64 0 0 0 255 255 255 255 2 0 6 0 0 0 0 0 data 8 0x60002 0x2824 0x110005 0x23c2 0x1d932d20 0x19a 0x268334f0 0x2c8 oops 2 4 java/util/ArrayList 6 java/util/Arrays$ArrayList
ciMethodData java/util/Collections unmodifiableList (Ljava/util/List;)Ljava/util/List; 2 237772 orig 264 88 131 212 90 0 0 0 0 160 94 179 21 0 0 0 0 208 1 0 0 96 0 0 0 0 0 0 0 0 0 0 0 0 0 0 0 0 0 0 0 0 0 0 0 0 0 0 0 0 0 0 0 0 0 0 0 0 0 0 0 0 0 0 0 0 0 0 0 0 0 0 0 0 0 0 0 0 0 0 0 77 68 79 32 101 120 116 114 97 32 100 97 116 97 32 108 111 99 107 0 0 0 0 0 0 0 0 0 0 0 0 0 0 0 0 0 0 0 0 0 0 0 0 0 0 0 0 0 0 0 0 0 0 0 0 0 0 0 0 0 0 0 0 0 0 0 0 0 0 0 0 0 0 0 0 0 0 0 0 0 0 0 0 0 0 0 0 0 0 0 0 0 0 0 0 0 0 0 0 0 0 0 0 0 0 0 0 0 0 0 0 0 0 0 0 0 0 0 0 0 0 0 0 0 0 0 0 0 0 0 0 0 0 0 0 0 130 0 0 0 81 2 29 0 1 0 0 0 0 0 0 0 0 0 0 0 2 0 0 0 0 0 14 0 2 0 0 0 136 0 0 0 255 255 255 255 4 0 1 0 0 0 0 0 data 17 0x10004 0x0 0x1d932d20 0x399e3 0x268334f0 0x23b 0x40007 0x0 0x48 0x3a046 0xc0002 0x3a045 0xf0003 0x3a046 0x28 0x170002 0x0 oops 2 2 java/util/ArrayList 4 java/util/Arrays$ArrayList
ciMethodData java/util/Collections$UnmodifiableRandomAccessList <init> (Ljava/util/List;)V 2 237776 orig 264 88 131 212 90 0 0 0 0 152 247 179 21 0 0 0 0 56 1 0 0 0 0 0 0 0 0 0 0 0 0 0 0 0 0 0 0 0 0 0 0 0 0 0 0 0 0 0 0 0 0 0 0 0 0 0 0 0 0 0 0 0 0 0 0 0 0 0 0 0 0 0 0 0 0 0 0 0 0 0 0 77 68 79 32 101 120 116 114 97 32 100 97 116 97 32 108 111 99 107 0 0 0 0 0 0 0 0 0 0 0 0 0 0 0 0 0 0 0 0 0 0 0 0 0 0 0 0 0 0 0 0 0 0 0 0 0 0 0 0 0 0 0 0 0 0 0 0 0 0 0 0 0 0 0 0 0 0 0 0 0 0 0 0 0 0 0 0 0 0 0 0 0 0 0 0 0 0 0 0 0 0 0 0 0 0 0 0 0 0 0 0 0 0 0 0 0 0 0 0 0 0 0 0 0 0 0 0 0 0 0 0 0 0 0 0 0 131 0 0 0 105 2 29 0 1 0 0 0 0 0 0 0 0 0 0 0 2 0 0 0 0 0 7 0 2 0 0 0 16 0 0 0 255 255 255 255 2 0 2 0 0 0 0 0 data 2 0x20002 0x3a04c oops 0
ciMethodData java/util/Collections$UnmodifiableList <init> (Ljava/util/List;)V 2 237785 orig 264 88 131 212 90 0 0 0 0 104 254 179 21 0 0 0 0 56 1 0 0 0 0 0 0 0 0 0 0 0 0 0 0 0 0 0 0 0 0 0 0 0 0 0 0 0 0 0 0 0 0 0 0 0 0 0 0 0 0 0 0 0 0 0 0 0 0 0 0 0 0 0 0 0 0 0 0 0 0 0 0 77 68 79 32 101 120 116 114 97 32 100 97 116 97 32 108 111 99 107 0 0 0 0 0 0 0 0 0 0 0 0 0 0 0 0 0 0 0 0 0 0 0 0 0 0 0 0 0 0 0 0 0 0 0 0 0 0 0 0 0 0 0 0 0 0 0 0 0 0 0 0 0 0 0 0 0 0 0 0 0 0 0 0 0 0 0 0 0 0 0 0 0 0 0 0 0 0 0 0 0 0 0 0 0 0 0 0 0 0 0 0 0 0 0 0 0 0 0 0 0 0 0 0 0 0 0 0 0 0 0 0 0 0 0 0 0 131 0 0 0 177 2 29 0 1 0 0 0 0 0 0 0 0 0 0 0 2 0 0 0 0 0 6 0 2 0 0 0 16 0 0 0 255 255 255 255 2 0 2 0 0 0 0 0 data 2 0x20002 0x3a058 oops 0
ciMethodData java/util/Collections$UnmodifiableCollection <init> (Ljava/util/Collection;)V 2 35918 orig 264 88 131 212 90 0 0 0 0 120 13 180 21 0 0 0 0 104 1 0 0 0 0 0 0 0 0 0 0 0 0 0 0 0 0 0 0 0 0 0 0 0 0 0 0 0 0 0 0 0 0 0 0 0 0 0 0 0 0 0 0 0 0 0 0 0 0 0 0 0 0 0 0 0 0 0 0 0 0 0 0 77 68 79 32 101 120 116 114 97 32 100 97 116 97 32 108 111 99 107 0 0 0 0 0 0 0 0 0 0 0 0 0 0 0 0 0 0 0 0 0 0 0 0 0 0 0 0 0 0 0 0 0 0 0 0 0 0 0 0 0 0 0 0 0 0 0 0 0 0 0 0 0 0 0 0 0 0 0 0 0 0 0 0 0 0 0 0 0 0 0 0 0 0 0 0 0 0 0 0 0 0 0 0 0 0 0 0 0 0 0 0 0 0 0 0 0 0 0 0 0 0 0 0 0 0 0 0 0 0 0 0 0 0 0 0 0 137 0 0 0 41 94 4 0 1 0 0 0 0 0 0 0 0 0 0 0 2 0 0 0 0 0 5 0 2 0 0 0 64 0 0 0 255 255 255 255 2 0 1 0 0 0 0 0 data 8 0x10002 0x8bc6 0x50007 0x8bc7 0x30 0x0 0xc0002 0x0 oops 0
ciMethodData java/lang/Integer valueOf (I)Ljava/lang/Integer; 2 588820 orig 264 88 131 212 90 0 0 0 0 152 85 176 21 0 0 0 0 112 1 0 0 0 0 0 0 0 0 0 0 0 0 0 0 0 0 0 0 0 0 0 0 0 0 0 0 0 0 0 0 0 0 0 0 0 0 0 0 0 0 0 0 0 0 0 0 0 0 0 0 0 0 0 0 0 0 0 0 0 0 0 0 77 68 79 32 101 120 116 114 97 32 100 97 116 97 32 108 111 99 107 0 0 0 0 0 0 0 0 0 0 0 0 0 0 0 0 0 0 0 0 0 0 0 0 0 0 0 0 0 0 0 0 0 0 0 0 0 0 0 0 0 0 0 0 0 1 0 0 0 0 0 0 0 0 0 0 0 0 0 0 0 0 0 0 0 0 0 0 0 0 0 0 0 0 0 0 0 0 0 0 1 0 0 0 0 0 0 0 0 0 0 0 0 0 0 0 0 0 0 0 0 0 0 0 0 0 0 0 0 0 0 0 0 0 0 0 0 58 0 0 0 209 222 71 0 1 0 0 0 21 22 0 0 0 0 0 0 2 0 0 0 0 0 8 0 2 0 0 0 80 0 0 0 255 255 255 255 7 224 3 0 0 0 0 0 data 10 0x3e007 0xb5b 0x40 0x8f07f 0xa0007 0x190c6 0x20 0x75fbb 0x1c0002 0x19c21 oops 0
ciMethodData java/lang/Integer <init> (I)V 2 105979 orig 264 88 131 212 90 0 0 0 0 56 86 176 21 0 0 0 0 56 1 0 0 0 0 0 0 0 0 0 0 0 0 0 0 0 0 0 0 0 0 0 0 0 0 0 0 0 0 0 0 0 0 0 0 0 0 0 0 0 0 0 0 0 0 0 0 0 0 0 0 0 0 0 0 0 0 0 0 0 0 0 0 77 68 79 32 101 120 116 114 97 32 100 97 116 97 32 108 111 99 107 0 0 0 0 0 0 0 0 0 0 0 0 0 0 0 0 0 0 0 0 0 0 0 0 0 0 0 0 0 0 0 0 0 0 0 0 0 0 0 0 0 0 0 0 0 0 0 0 0 0 0 0 0 0 0 0 0 0 0 0 0 0 0 0 0 0 0 0 0 0 0 0 0 0 0 0 0 0 0 0 0 0 0 0 0 0 0 0 0 0 0 0 0 0 0 0 0 0 0 0 0 0 0 0 0 0 0 0 0 0 0 0 0 0 0 0 0 29 1 0 0 241 230 12 0 1 0 0 0 0 0 0 0 0 0 0 0 2 0 0 0 0 0 0 0 0 0 0 0 16 0 0 0 255 255 255 255 2 0 1 0 0 0 0 0 data 2 0x10002 0x19cde oops 0
ciMethodData java/util/LinkedList node (I)Ljava/util/LinkedList$Node; 2 5273 orig 264 88 131 212 90 0 0 0 0 16 183 210 21 0 0 0 0 184 1 0 0 64 0 0 0 0 0 0 0 0 0 0 0 0 0 0 0 0 0 0 0 0 0 0 0 0 0 0 0 0 0 0 0 0 0 0 0 0 0 0 0 0 0 0 0 0 0 0 0 0 0 0 0 0 0 0 0 0 0 0 0 77 68 79 32 101 120 116 114 97 32 100 97 116 97 32 108 111 99 107 0 0 0 0 0 0 0 0 0 0 0 0 0 0 0 0 0 0 0 0 0 0 0 0 0 0 0 0 0 0 0 0 0 0 0 0 0 0 0 0 0 0 0 0 0 0 0 0 0 0 0 0 0 0 0 0 0 0 0 0 0 0 0 0 0 0 0 0 0 0 0 0 0 0 0 0 0 0 0 0 0 0 0 0 0 1 0 0 0 0 0 0 0 0 0 0 0 0 0 0 0 1 0 0 0 0 0 0 0 0 0 0 0 0 0 0 0 152 0 0 0 9 160 0 0 233 8 0 0 0 0 0 0 0 0 0 0 2 0 0 0 2 0 11 0 2 0 0 0 144 0 0 0 255 255 255 255 7 0 7 0 0 0 0 0 data 18 0x70007 0xcd4 0x58 0x72d 0x130007 0x72d 0x38 0xb4 0x1e0003 0xb4 0xffffffffffffffe0 0x310007 0xcd4 0x38 0x69 0x3c0003 0x69 0xffffffffffffffe0 oops 0
ciMethodData java/util/AbstractCollection containsAll (Ljava/util/Collection;)Z 2 52583 orig 264 88 131 212 90 0 0 0 0 40 127 178 21 0 0 0 0 104 2 0 0 0 0 0 0 0 0 0 0 0 0 0 0 0 0 0 0 0 0 0 0 0 0 0 0 0 0 0 0 0 0 0 0 0 0 0 0 0 0 0 0 0 0 0 0 0 0 0 0 0 0 0 0 0 0 0 0 0 0 0 0 77 68 79 32 101 120 116 114 97 32 100 97 116 97 32 108 111 99 107 0 0 0 0 0 0 0 0 0 0 0 0 0 0 0 0 0 0 0 0 0 0 0 0 0 0 0 0 0 0 0 0 0 0 0 0 0 0 0 0 0 0 0 0 0 0 0 0 0 0 0 0 0 0 0 0 0 0 0 0 0 0 0 0 0 0 0 0 0 0 0 0 0 0 0 0 0 0 0 0 0 0 0 0 0 0 0 0 0 0 0 0 0 0 0 0 0 0 0 0 0 0 0 0 0 0 0 0 0 0 0 0 0 0 0 0 0 128 3 0 0 41 192 1 0 57 79 6 0 0 0 0 0 0 0 0 0 2 0 0 0 1 0 8 0 2 0 0 0 24 1 0 0 255 255 255 255 5 0 1 0 0 0 0 0 data 35 0x10005 0x2c40 0x1d932d20 0x948 0x1d932dd0 0x27d 0x80005 0xc489 0x1f699890 0x37b0 0x1f699940 0x5b2 0xd0007 0x36c6 0xb8 0xcb26 0x110005 0x9989 0x1f699890 0x2e68 0x1f699940 0x335 0x190005 0x9a63 0x1d932d20 0x2e68 0x1d932dd0 0x25b 0x1c0007 0xc9e7 0x20 0x13f 0x210003 0xc9e7 0xffffffffffffff30 oops 8 2 java/util/ArrayList 4 java/util/HashSet 8 java/util/ArrayList$Itr 10 java/util/HashMap$KeyIterator 18 java/util/ArrayList$Itr 20 java/util/HashMap$KeyIterator 24 java/util/ArrayList 26 java/util/HashSet
ciMethodData com/android/tools/r8/ir/code/Position none ()Lcom/android/tools/r8/ir/code/Position; 2 3823 orig 264 88 131 212 90 0 0 0 0 88 24 50 37 0 0 0 0 24 1 0 0 0 0 0 0 0 0 0 0 0 0 0 0 0 0 0 0 0 0 0 0 0 0 0 0 0 0 0 0 0 0 0 0 0 0 0 0 0 0 0 0 0 0 0 0 0 0 0 0 0 0 0 0 0 0 0 0 0 0 0 0 77 68 79 32 101 120 116 114 97 32 100 97 116 97 32 108 111 99 107 0 0 0 0 0 0 0 0 0 0 0 0 0 0 0 0 0 0 0 0 0 0 0 0 0 0 0 0 0 0 0 0 0 0 0 0 0 0 0 0 0 0 0 0 0 0 0 0 0 0 0 0 0 0 0 0 0 0 0 0 0 0 0 0 0 0 0 0 0 0 0 0 0 0 0 0 0 0 0 0 0 0 0 0 0 0 0 0 0 0 0 0 0 0 0 0 0 0 0 0 0 0 0 0 0 0 0 0 0 0 0 0 0 0 0 0 0 86 1 0 0 201 108 0 0 1 0 0 0 0 0 0 0 0 0 0 0 2 0 0 0 0 0 3 0 1 0 0 0 0 0 0 0 255 255 255 255 0 0 0 0 0 0 0 0 data 0 oops 0
ciMethodData com/android/tools/r8/n/a/a/a/g/B0$d getKey ()Ljava/lang/Object; 2 5541 orig 264 88 131 212 90 0 0 0 0 200 31 59 37 0 0 0 0 88 1 0 0 0 0 0 0 0 0 0 0 0 0 0 0 0 0 0 0 0 0 0 0 0 0 0 0 0 0 0 0 0 0 0 0 0 0 0 0 0 0 0 0 0 0 0 0 0 0 0 0 0 0 0 0 0 0 0 0 0 0 0 0 77 68 79 32 101 120 116 114 97 32 100 97 116 97 32 108 111 99 107 0 0 0 0 0 0 0 0 0 0 0 0 0 0 0 0 0 0 0 0 0 0 0 0 0 0 0 0 0 0 0 0 0 0 0 0 0 0 0 0 0 0 0 0 0 0 0 0 0 0 0 0 0 0 0 0 0 0 0 0 0 0 0 0 0 0 0 0 0 0 0 0 0 0 0 0 0 0 0 0 0 0 0 0 0 0 0 0 0 0 0 0 0 0 0 0 0 0 0 0 0 0 0 0 0 0 0 0 0 0 0 0 0 0 0 0 0 131 1 0 0 17 161 0 0 1 0 0 0 0 0 0 0 0 0 0 0 2 0 0 0 0 0 9 0 2 0 0 0 16 0 0 0 255 255 255 255 2 0 12 0 0 0 0 0 data 2 0xc0002 0x1422 oops 0
ciMethodData com/android/tools/r8/ir/code/BasicBlock exit ()Lcom/android/tools/r8/ir/code/JumpInstruction; 2 5716 orig 264 88 131 212 90 0 0 0 0 168 97 49 37 0 0 0 0 152 3 0 0 128 1 0 0 0 0 0 0 0 0 0 0 0 0 0 0 0 0 0 0 0 0 0 0 0 0 0 0 0 0 0 0 0 0 0 0 0 0 0 0 0 0 0 0 0 0 0 0 0 0 0 0 0 0 0 0 0 0 0 0 77 68 79 32 101 120 116 114 97 32 100 97 116 97 32 108 111 99 107 0 0 0 0 0 0 0 0 0 0 0 0 0 0 0 0 0 0 0 0 0 0 0 0 0 0 0 0 0 0 0 0 0 0 0 0 0 0 0 0 0 0 0 0 0 0 0 0 0 0 0 0 0 0 0 0 0 0 0 0 0 0 0 0 0 0 0 0 0 0 0 0 0 0 0 0 0 0 0 0 0 0 0 0 0 0 0 0 0 0 0 0 0 0 0 0 0 0 0 0 0 0 0 0 0 0 0 0 0 0 0 0 0 0 0 0 0 0 2 0 0 161 162 0 0 1 0 0 0 0 0 0 0 0 0 0 0 2 0 0 0 0 0 16 0 2 0 0 0 80 2 0 0 255 255 255 255 7 0 3 0 0 0 0 0 data 74 0x30007 0x1454 0x68 0x0 0xa0007 0x0 0x38 0x0 0xd0003 0x0 0x28 0x140002 0x0 0x1b0007 0x1454 0x128 0x0 0x230005 0x0 0x0 0x0 0x0 0x0 0x280005 0x0 0x0 0x0 0x0 0x0 0x2b0004 0x0 0x0 0x0 0x0 0x0 0x2e0005 0x0 0x0 0x0 0x0 0x0 0x310007 0x0 0x38 0x0 0x340003 0x0 0x28 0x3b0002 0x0 0x440005 0x0 0x1d932640 0x1454 0x0 0x0 0x490005 0x0 0x1d932640 0x1454 0x0 0x0 0x4c0004 0x0 0x1d9327a0 0x740 0x1d932850 0x653 0x4f0005 0x6c1 0x1d9327a0 0x740 0x1d932850 0x653 oops 6 52 java/util/LinkedList 58 java/util/LinkedList 64 com/android/tools/r8/ir/code/Goto 66 com/android/tools/r8/ir/code/If 70 com/android/tools/r8/ir/code/Goto 72 com/android/tools/r8/ir/code/If
ciMethodData com/android/tools/r8/n/a/a/a/g/B0$a next ()Ljava/lang/Object; 2 5673 orig 264 88 131 212 90 0 0 0 0 112 20 59 37 0 0 0 0 136 1 0 0 0 0 0 0 0 0 0 0 0 0 0 0 0 0 0 0 0 0 0 0 0 0 0 0 0 0 0 0 0 0 0 0 0 0 0 0 0 0 0 0 0 0 0 0 0 0 0 0 0 0 0 0 0 0 0 0 0 0 0 0 77 68 79 32 101 120 116 114 97 32 100 97 116 97 32 108 111 99 107 0 0 0 0 0 0 0 0 0 0 0 0 0 0 0 0 0 0 0 0 0 0 0 0 0 0 0 0 0 0 0 0 0 0 0 0 0 0 0 0 0 0 0 0 0 0 0 0 0 0 0 0 0 0 0 0 0 0 0 0 0 0 0 0 0 0 0 0 0 0 0 0 0 0 0 0 0 0 0 0 0 0 0 0 0 0 0 0 0 0 0 0 0 0 0 0 0 0 0 0 0 0 0 0 0 0 0 0 0 0 0 0 0 0 0 0 0 0 2 0 0 73 161 0 0 1 0 0 0 0 0 0 0 0 0 0 0 2 0 0 0 0 0 3 0 2 0 0 0 64 0 0 0 255 255 255 255 5 0 12 0 0 0 0 0 data 8 0xc0005 0x0 0x1d5b9ae0 0x1429 0x0 0x0 0xf0002 0x1429 oops 1 2 com/android/tools/r8/n/a/a/a/g/B0$a
ciMethodData com/android/tools/r8/n/a/a/a/g/B0$d <init> (Lcom/android/tools/r8/n/a/a/a/g/B0;I)V 2 5673 orig 264 88 131 212 90 0 0 0 0 208 26 59 37 0 0 0 0 64 1 0 0 0 0 0 0 0 0 0 0 0 0 0 0 0 0 0 0 0 0 0 0 0 0 0 0 0 0 0 0 0 0 0 0 0 0 0 0 0 0 0 0 0 0 0 0 0 0 0 0 0 0 0 0 0 0 0 0 0 0 0 0 77 68 79 32 101 120 116 114 97 32 100 97 116 97 32 108 111 99 107 0 0 0 0 0 0 0 0 0 0 0 0 0 0 0 0 0 0 0 0 0 0 0 0 0 0 0 0 0 0 0 0 0 0 0 0 0 0 0 0 0 0 0 0 0 0 0 0 0 0 0 0 0 0 0 0 0 0 0 0 0 0 0 0 0 0 0 0 0 0 0 0 0 0 0 0 0 0 0 0 0 0 0 0 0 0 0 0 0 0 0 0 0 0 0 0 0 0 0 0 0 0 0 0 0 0 0 0 0 0 0 0 0 0 0 0 0 0 2 0 0 73 161 0 0 1 0 0 0 0 0 0 0 0 0 0 0 2 0 0 0 0 0 3 0 2 0 0 0 16 0 0 0 255 255 255 255 2 0 8 0 0 0 0 0 data 2 0x80002 0x1429 oops 0
ciMethodData java/lang/Math max (JJ)J 2 102377 orig 264 88 131 212 90 0 0 0 0 176 80 181 21 0 0 0 0 112 1 0 0 0 0 0 0 0 0 0 0 0 0 0 0 0 0 0 0 0 0 0 0 0 0 0 0 0 0 0 0 0 0 0 0 0 0 0 0 0 0 0 0 0 0 0 0 0 0 0 0 0 0 0 0 0 0 0 0 0 0 0 0 77 68 79 32 101 120 116 114 97 32 100 97 116 97 32 108 111 99 107 0 0 0 0 0 0 0 0 0 0 0 0 0 0 0 0 0 0 0 0 0 0 0 0 0 0 0 0 0 0 0 0 0 0 0 0 0 0 0 0 0 0 0 0 0 0 0 0 0 0 0 0 0 0 0 0 0 0 0 0 0 0 0 0 0 0 0 0 0 0 0 0 0 0 0 0 0 0 0 0 0 0 0 0 0 0 0 0 0 0 0 0 0 0 0 0 0 0 0 0 0 0 0 0 0 0 0 0 0 0 0 0 0 0 0 0 0 1 1 0 0 65 119 12 0 1 0 0 0 0 0 0 0 0 0 0 0 2 0 0 0 0 0 6 0 2 0 0 0 56 0 0 0 255 255 255 255 7 0 3 0 0 0 0 0 data 7 0x30007 0x7608 0x38 0x118dd 0x70003 0x118db 0x18 oops 0
ciMethodData java/util/Collections$UnmodifiableCollection size ()I 2 5637 orig 264 88 131 212 90 0 0 0 0 16 14 180 21 0 0 0 0 120 1 0 0 0 0 0 0 0 0 0 0 0 0 0 0 0 0 0 0 0 0 0 0 0 0 0 0 0 0 0 0 0 0 0 0 0 0 0 0 0 0 0 0 0 0 0 0 0 0 0 0 0 0 0 0 0 0 0 0 0 0 0 0 77 68 79 32 101 120 116 114 97 32 100 97 116 97 32 108 111 99 107 0 0 0 0 0 0 0 0 0 0 0 0 0 0 0 0 0 0 0 0 0 0 0 0 0 0 0 0 0 0 0 0 0 0 0 0 0 0 0 0 0 0 0 0 0 0 0 0 0 0 0 0 0 0 0 0 0 0 0 0 0 0 0 0 0 0 0 0 0 0 0 0 0 0 0 0 0 0 0 0 0 0 0 0 0 0 0 0 0 0 0 0 0 0 0 0 0 0 0 0 0 0 0 0 0 0 0 0 0 0 0 0 0 0 0 0 0 0 2 0 0 41 160 0 0 1 0 0 0 0 0 0 0 0 0 0 0 2 0 0 0 0 0 3 0 2 0 0 0 48 0 0 0 255 255 255 255 5 0 4 0 0 0 0 0 data 6 0x40005 0x19e 0x1d932d20 0x119a 0x1e0efc10 0xcc oops 2 2 java/util/ArrayList 4 java/util/LinkedHashSet
ciMethodData java/util/Collections$UnmodifiableList get (I)Ljava/lang/Object; 2 5692 orig 264 88 131 212 90 0 0 0 0 72 0 180 21 0 0 0 0 128 1 0 0 0 0 0 0 0 0 0 0 0 0 0 0 0 0 0 0 0 0 0 0 0 0 0 0 0 0 0 0 0 0 0 0 0 0 0 0 0 0 0 0 0 0 0 0 0 0 0 0 0 0 0 0 0 0 0 0 0 0 0 0 77 68 79 32 101 120 116 114 97 32 100 97 116 97 32 108 111 99 107 0 0 0 0 0 0 0 0 0 0 0 0 0 0 0 0 0 0 0 0 0 0 0 0 0 0 0 0 0 0 0 0 0 0 0 0 0 0 0 0 0 0 0 0 0 0 0 0 0 0 0 0 0 0 0 0 0 0 0 0 0 0 0 0 0 0 0 0 0 0 0 0 0 0 0 0 0 0 0 0 0 0 0 0 0 0 0 0 0 0 0 0 0 0 0 0 0 0 0 0 0 0 0 0 0 0 0 0 0 0 0 0 0 0 0 0 0 0 2 0 0 225 161 0 0 1 0 0 0 0 0 0 0 0 0 0 0 2 0 0 0 0 0 3 0 2 0 0 0 48 0 0 0 255 255 255 255 5 0 5 0 0 0 0 0 data 6 0x50005 0xb3 0x1d932d20 0x12e1 0x1e0f09d0 0xa8 oops 2 2 java/util/ArrayList 4 com/sun/istack/FinalArrayList
ciMethodData java/util/LinkedList checkElementIndex (I)V 2 126306 orig 264 88 131 212 90 0 0 0 0 136 181 210 21 0 0 0 0 120 1 0 0 0 0 0 0 0 0 0 0 0 0 0 0 0 0 0 0 0 0 0 0 0 0 0 0 0 0 0 0 0 0 0 0 0 0 0 0 0 0 0 0 0 0 0 0 0 0 0 0 0 0 0 0 0 0 0 0 0 0 0 0 77 68 79 32 101 120 116 114 97 32 100 97 116 97 32 108 111 99 107 0 0 0 0 0 0 0 0 0 0 0 0 0 0 0 0 0 0 0 0 0 0 0 0 0 0 0 0 0 0 0 0 0 0 0 0 0 0 0 0 0 0 0 0 0 0 0 0 0 0 0 0 0 0 0 0 0 0 0 0 0 0 0 0 0 0 0 0 0 0 0 0 0 0 0 0 0 0 0 0 0 0 0 0 0 0 0 0 0 0 0 0 0 0 0 0 0 0 0 0 0 0 0 0 0 0 0 0 0 0 0 0 0 0 0 0 0 1 1 0 0 9 99 15 0 1 0 0 0 0 0 0 0 0 0 0 0 2 0 0 0 0 0 12 0 2 0 0 0 80 0 0 0 255 255 255 255 2 0 2 0 0 0 0 0 data 10 0x20002 0x1ec61 0x50007 0x1ec61 0x40 0x0 0xe0002 0x0 0x110002 0x0 oops 0
ciMethodData java/util/LinkedList isElementIndex (I)Z 2 126306 orig 264 88 131 212 90 0 0 0 0 144 179 210 21 0 0 0 0 128 1 0 0 0 0 0 0 0 0 0 0 0 0 0 0 0 0 0 0 0 0 0 0 0 0 0 0 0 0 0 0 0 0 0 0 0 0 0 0 0 0 0 0 0 0 0 0 0 0 0 0 0 0 0 0 0 0 0 0 0 0 0 0 77 68 79 32 101 120 116 114 97 32 100 97 116 97 32 108 111 99 107 0 0 0 0 0 0 0 0 0 0 0 0 0 0 0 0 0 0 0 0 0 0 0 0 0 0 0 0 0 0 0 0 0 0 0 0 0 0 0 0 0 0 0 0 0 0 0 0 0 0 0 0 0 0 0 0 0 0 0 0 0 0 0 0 0 0 0 0 0 0 0 0 0 0 0 0 0 0 0 0 0 0 0 0 0 0 0 0 0 0 0 0 0 0 0 0 0 0 0 0 0 0 0 0 0 0 0 0 0 0 0 0 0 0 0 0 0 1 1 0 0 9 99 15 0 1 0 0 0 0 0 0 0 0 0 0 0 2 0 0 0 0 0 0 0 0 0 0 0 88 0 0 0 255 255 255 255 7 0 1 0 0 0 0 0 data 11 0x10007 0x0 0x58 0x1ec61 0x90007 0x0 0x38 0x1ec61 0xd0003 0x1ec61 0x18 oops 0
ciMethodData java/util/LinkedList get (I)Ljava/lang/Object; 2 120409 orig 264 88 131 212 90 0 0 0 0 232 176 210 21 0 0 0 0 144 1 0 0 0 0 0 0 0 0 0 0 0 0 0 0 0 0 0 0 0 0 0 0 0 0 0 0 0 0 0 0 0 0 0 0 0 0 0 0 0 0 0 0 0 0 0 0 0 0 0 0 0 0 0 0 0 0 0 0 0 0 0 0 77 68 79 32 101 120 116 114 97 32 100 97 116 97 32 108 111 99 107 0 0 0 0 0 0 0 0 0 0 0 0 0 0 0 0 0 0 0 0 0 0 0 0 0 0 0 0 0 0 0 0 0 0 0 0 0 0 0 0 0 0 0 0 0 0 0 0 0 0 0 0 0 0 0 0 0 0 0 0 0 0 0 0 0 0 0 0 0 0 0 0 0 0 0 0 0 0 0 0 0 0 0 0 0 0 0 0 0 0 0 0 0 0 0 0 0 0 0 0 0 0 0 0 0 0 0 0 0 0 0 0 0 0 0 0 0 226 0 0 0 185 171 14 0 1 0 0 0 0 0 0 0 0 0 0 0 2 0 0 0 0 0 13 0 2 0 0 0 64 0 0 0 255 255 255 255 2 0 2 0 0 0 0 0 data 8 0x20002 0x1d577 0x70005 0x0 0x1d932640 0x1d577 0x0 0x0 oops 1 4 java/util/LinkedList
ciMethodData java/lang/Math min (JJ)J 2 40221 orig 264 88 131 212 90 0 0 0 0 104 83 181 21 0 0 0 0 112 1 0 0 0 0 0 0 0 0 0 0 0 0 0 0 0 0 0 0 0 0 0 0 0 0 0 0 0 0 0 0 0 0 0 0 0 0 0 0 0 0 0 0 0 0 0 0 0 0 0 0 0 0 0 0 0 0 0 0 0 0 0 0 77 68 79 32 101 120 116 114 97 32 100 97 116 97 32 108 111 99 107 0 0 0 0 0 0 0 0 0 0 0 0 0 0 0 0 0 0 0 0 0 0 0 0 0 0 0 0 0 0 0 0 0 0 0 0 0 0 0 0 0 0 0 0 0 0 0 0 0 0 0 0 0 0 0 0 0 0 0 0 0 0 0 0 0 0 0 0 0 0 0 0 0 0 0 0 0 0 0 0 0 0 0 0 0 0 0 0 0 0 0 0 0 0 0 0 0 0 0 0 0 0 0 0 0 0 0 0 0 0 0 0 0 0 0 0 0 0 1 0 0 233 224 4 0 1 0 0 0 0 0 0 0 0 0 0 0 2 0 0 0 0 0 6 0 2 0 0 0 56 0 0 0 255 255 255 255 7 0 3 0 0 0 0 0 data 7 0x30007 0x9731 0x38 0x4ec 0x70003 0x4ec 0x18 oops 0
ciMethod com/android/tools/r8/e a (Lcom/android/tools/r8/ir/code/BasicBlock;)Lcom/android/tools/r8/ir/code/BasicBlock; 201 1 1297 0 -1
ciMethod java/lang/StrictMath ceil (D)D 2041 1 66870 0 0
ciMethod java/lang/StrictMath floorOrCeil (DDDD)D 2041 1 5563 0 256
ciMethodData java/lang/Math ceil (D)D 2 66870 orig 264 88 131 212 90 0 0 0 0 224 60 181 21 0 0 0 0 96 1 0 0 0 0 0 0 0 0 0 0 0 0 0 0 0 0 0 0 0 0 0 0 0 0 0 0 0 0 0 0 0 0 0 0 0 0 0 0 0 0 0 0 0 0 0 0 0 0 0 0 0 0 0 0 0 0 0 0 0 0 0 0 77 68 79 32 101 120 116 114 97 32 100 97 116 97 32 108 111 99 107 0 0 0 0 0 0 0 0 0 0 0 0 0 0 0 0 0 0 0 0 0 0 0 0 0 0 0 0 0 0 0 0 0 0 0 0 0 0 0 0 0 0 0 0 0 0 0 0 0 0 0 0 0 0 0 0 0 0 0 0 0 0 0 0 0 0 0 0 0 0 0 0 0 0 0 0 0 0 0 0 0 0 0 0 0 0 0 0 0 0 0 0 0 0 0 0 0 0 0 0 0 0 0 0 0 0 0 0 0 0 0 0 0 0 0 0 0 0 1 0 0 177 33 8 0 1 0 0 0 0 0 0 0 0 0 0 0 2 0 0 0 0 0 3 0 2 0 0 0 16 0 0 0 255 255 255 255 2 0 1 0 0 0 0 0 data 2 0x10002 0x10435 oops 0
ciMethodData java/lang/StrictMath ceil (D)D 2 66870 orig 264 88 131 212 90 0 0 0 0 200 222 12 36 0 0 0 0 96 1 0 0 0 0 0 0 0 0 0 0 0 0 0 0 0 0 0 0 0 0 0 0 0 0 0 0 0 0 0 0 0 0 0 0 0 0 0 0 0 0 0 0 0 0 0 0 0 0 0 0 0 0 0 0 0 0 0 0 0 0 0 0 77 68 79 32 101 120 116 114 97 32 100 97 116 97 32 108 111 99 107 0 0 0 0 0 0 0 0 0 0 0 0 0 0 0 0 0 0 0 0 0 0 0 0 0 0 0 0 0 0 0 0 0 0 0 0 0 0 0 0 0 0 0 0 0 0 0 0 0 0 0 0 0 0 0 0 0 0 0 0 0 0 0 0 0 0 0 0 0 0 0 0 0 0 0 0 0 0 0 0 0 0 0 0 0 0 0 0 0 0 0 0 0 0 0 0 0 0 0 0 0 0 0 0 0 0 0 0 0 0 0 0 0 0 0 0 0 255 0 0 0 185 33 8 0 1 0 0 0 0 0 0 0 0 0 0 0 2 0 0 0 0 0 0 0 0 0 0 0 16 0 0 0 255 255 255 255 2 0 6 0 0 0 0 0 data 2 0x60002 0x10436 oops 0
ciMethodData java/lang/StrictMath floorOrCeil (DDDD)D 2 5563 orig 264 88 131 212 90 0 0 0 0 136 224 12 36 0 0 0 0 16 3 0 0 64 1 0 0 0 0 0 0 0 0 0 0 0 0 0 0 0 0 0 0 0 0 0 0 0 0 0 0 0 0 0 0 0 0 0 0 0 0 0 0 0 0 0 0 0 0 0 0 0 0 0 0 0 0 0 0 0 0 0 0 77 68 79 32 101 120 116 114 97 32 100 97 116 97 32 108 111 99 107 0 0 0 0 0 0 0 0 0 0 0 0 0 0 0 0 0 0 0 0 0 0 0 0 0 0 0 0 0 0 0 0 0 0 0 0 0 0 0 0 0 0 0 0 0 0 0 0 0 0 0 0 0 0 0 0 0 0 0 0 0 0 0 0 0 0 0 0 0 0 0 0 0 0 0 0 0 0 0 0 0 0 0 0 0 0 0 0 0 0 0 0 0 0 0 0 0 0 0 0 0 0 0 0 0 0 0 0 0 0 0 0 0 0 0 0 0 255 0 0 0 225 165 0 0 1 0 0 0 0 0 0 0 0 0 0 0 2 0 0 0 0 0 18 0 2 0 0 0 144 1 0 0 255 255 255 255 2 0 1 0 0 0 0 0 data 50 0x10002 0x14bb 0x80007 0x14b7 0x90 0x4 0xe0007 0x0 0x38 0x4 0x120003 0x4 0x50 0x180007 0x0 0x38 0x0 0x1c0003 0x0 0x18 0x260007 0x14b8 0x20 0x0 0x2e0007 0x14b8 0x70 0x0 0x330007 0x0 0x40 0x0 0x3a0007 0x0 0x30 0x0 0x410002 0x0 0x460002 0x14b8 0x5a0007 0xa7d 0x20 0xa3c 0x680002 0xa7d 0x730007 0x0 0x20 0xa7c oops 0
ciMethodData java/lang/Math getExponent (D)I 2 5562 orig 264 88 131 212 90 0 0 0 0 72 94 181 21 0 0 0 0 96 1 0 0 0 0 0 0 0 0 0 0 0 0 0 0 0 0 0 0 0 0 0 0 0 0 0 0 0 0 0 0 0 0 0 0 0 0 0 0 0 0 0 0 0 0 0 0 0 0 0 0 0 0 0 0 0 0 0 0 0 0 0 0 77 68 79 32 101 120 116 114 97 32 100 97 116 97 32 108 111 99 107 0 0 0 0 0 0 0 0 0 0 0 0 0 0 0 0 0 0 0 0 0 0 0 0 0 0 0 0 0 0 0 0 0 0 0 0 0 0 0 0 0 0 0 0 0 0 0 0 0 0 0 0 0 0 0 0 0 0 0 0 0 0 0 0 0 0 0 0 0 0 0 0 0 0 0 0 0 0 0 0 0 0 0 0 0 0 0 0 0 0 0 0 0 0 0 0 0 0 0 0 0 0 0 0 0 0 0 0 0 0 0 0 0 0 0 0 0 0 1 0 0 209 165 0 0 1 0 0 0 0 0 0 0 0 0 0 0 2 0 0 0 0 0 3 0 2 0 0 0 16 0 0 0 255 255 255 255 2 0 1 0 0 0 0 0 data 2 0x10002 0x14ba oops 0
ciMethod com/android/tools/r8/ir/code/Instruction p0 ()Lcom/android/tools/r8/ir/code/Position; 2065 1 124848 0 32
ciMethod com/android/tools/r8/ir/code/Instruction outValue ()Lcom/android/tools/r8/ir/code/Value; 1161 1 145 0 0
ciMethod com/android/tools/r8/ir/code/Instruction getBlock ()Lcom/android/tools/r8/ir/code/BasicBlock; 3265 1 80297 0 32
ciMethod com/android/tools/r8/ir/code/Instruction isArgument ()Z 1065 1 133 0 -1
ciMethod com/android/tools/r8/ir/code/Instruction isConstNumber ()Z 1033 1 129 0 -1
ciMethod com/android/tools/r8/ir/code/Instruction g1 ()Z 1025 1 128 0 -1
ciMethod com/android/tools/r8/ir/code/Instruction I ()Lcom/android/tools/r8/ir/code/JumpInstruction; 0 0 1 0 -1
ciMethod com/android/tools/r8/ir/code/Instruction isGoto ()Z 1025 1 128 0 -1
ciMethod com/android/tools/r8/ir/code/Instruction x ()Lcom/android/tools/r8/ir/code/Goto; 0 0 1 0 -1
ciMethod com/android/tools/r8/ir/code/Instruction Q0 ()Z 1233 1 154 0 -1
ciMethod com/android/tools/r8/ir/code/Instruction s ()Lcom/android/tools/r8/ir/code/s; 0 0 1 0 -1
ciMethod com/android/tools/r8/ir/code/Instruction P0 ()Z 1225 1 153 0 -1
ciMethod com/android/tools/r8/ir/code/Instruction r ()Lcom/android/tools/r8/ir/code/r; 0 0 1 0 -1
ciMethod com/android/tools/r8/ir/code/JumpInstruction fallthroughBlock ()Lcom/android/tools/r8/ir/code/BasicBlock; 1153 1 144 0 -1
ciMethod com/android/tools/r8/n/a/a/a/a size ()I 0 0 1 0 -1
ciMethod com/android/tools/r8/n/a/a/a/h/q0 iterator ()Lcom/android/tools/r8/n/a/a/a/h/l0; 0 0 1 0 -1
ciMethod com/android/tools/r8/n/a/a/a/d a (I)I 3073 1 412823 0 0
ciMethod com/android/tools/r8/n/a/a/a/d a (J)J 2137 1 31654 0 0
ciMethod com/android/tools/r8/n/a/a/a/d b (IF)I 4097 1 32028 0 320
ciMethod com/android/tools/r8/n/a/a/a/d a (IF)I 2721 1 12682 0 480
ciMethodData com/android/tools/r8/n/a/a/a/g/B0$e contains (Ljava/lang/Object;)Z 2 37060 orig 264 88 131 212 90 0 0 0 0 48 249 58 37 0 0 0 0 240 4 0 0 16 3 0 0 0 0 0 0 0 0 0 0 0 0 0 0 0 0 0 0 0 0 0 0 0 0 0 0 0 0 0 0 0 0 0 0 0 0 0 0 0 0 0 0 0 0 0 0 0 0 0 0 0 0 0 0 0 0 0 0 77 68 79 32 101 120 116 114 97 32 100 97 116 97 32 108 111 99 107 0 0 0 0 0 0 0 0 0 0 0 0 0 0 0 0 0 0 0 0 0 0 0 0 0 0 0 0 0 0 0 0 0 0 0 0 0 0 0 0 0 0 0 0 0 0 0 0 0 0 0 0 0 0 0 0 0 0 0 0 0 0 0 0 0 0 0 0 0 0 0 0 0 0 0 0 0 0 0 0 0 0 0 0 0 0 0 0 0 0 0 0 0 0 0 0 0 0 0 0 0 0 0 0 0 0 0 0 0 0 0 0 0 0 0 0 0 0 2 0 0 33 118 4 0 41 100 0 0 0 0 0 0 0 0 0 0 2 0 0 0 1 0 33 0 2 0 0 0 160 3 0 0 255 255 255 255 4 0 1 0 0 0 0 0 data 116 0x10004 0x0 0x1d5b9b90 0x8ec4 0x0 0x0 0x40007 0x8ec4 0x20 0x0 0xa0004 0x0 0x1d5b9b90 0x8ec4 0x0 0x0 0xf0005 0x0 0x1d5b9b90 0x8ec4 0x0 0x0 0x140007 0x0 0x2f0 0x8ec4 0x180005 0x0 0x1d5b9b90 0x8ec4 0x0 0x0 0x1d0004 0x0 0x163ee180 0x8ec4 0x0 0x0 0x200007 0x8ec4 0x38 0x0 0x230003 0x0 0x250 0x270005 0x0 0x1d5b9b90 0x8ec4 0x0 0x0 0x2c0004 0x0 0x163ee180 0x8ec4 0x0 0x0 0x2f0005 0x80 0x163ee180 0x8e44 0x0 0x0 0x350005 0x0 0x1d5b9b90 0x8ec4 0x0 0x0 0x3b0007 0x7fd6 0x78 0xeee 0x470007 0x0 0x58 0xeee 0x540007 0x0 0x38 0xeee 0x580003 0xeee 0x18 0x670002 0x7fd6 0x7c0007 0x7fd6 0x20 0x0 0x840007 0x7f3 0x58 0x77e3 0x900007 0x0 0x38 0x77e3 0x940003 0x77e3 0x18 0xb00007 0xc89 0x20 0x0 0xb80007 0x496 0xffffffffffffffe0 0x7f3 0xc40007 0x0 0x38 0x7f3 0xc80003 0x7f3 0x18 oops 9 2 com/android/tools/r8/n/a/a/a/g/B0$d 12 com/android/tools/r8/n/a/a/a/g/B0$d 18 com/android/tools/r8/n/a/a/a/g/B0$d 28 com/android/tools/r8/n/a/a/a/g/B0$d 34 java/lang/Integer 47 com/android/tools/r8/n/a/a/a/g/B0$d 53 java/lang/Integer 59 java/lang/Integer 65 com/android/tools/r8/n/a/a/a/g/B0$d
ciMethodData com/android/tools/r8/ir/code/r a (Lcom/android/tools/r8/n/a/a/a/g/w0;)Z 2 3268 orig 264 88 131 212 90 0 0 0 0 24 212 57 37 0 0 0 0 208 7 0 0 48 3 0 0 0 0 0 0 0 0 0 0 0 0 0 0 0 0 0 0 0 0 0 0 0 0 0 0 0 0 0 0 0 0 0 0 0 0 0 0 0 0 0 0 0 0 0 0 0 0 0 0 0 0 0 0 0 0 0 0 77 68 79 32 101 120 116 114 97 32 100 97 116 97 32 108 111 99 107 0 0 0 0 0 0 0 0 0 0 0 0 0 0 0 0 0 0 0 0 0 0 0 0 0 0 0 0 0 0 0 0 0 0 0 0 0 0 0 0 0 0 0 0 0 0 0 0 0 0 0 0 0 0 0 0 0 0 0 0 0 0 0 0 0 0 0 0 0 0 0 0 0 0 0 0 0 0 0 0 0 0 0 0 0 0 0 0 0 0 0 0 0 0 0 0 0 0 0 0 0 0 0 0 0 0 0 0 0 0 0 0 0 0 0 0 0 48 0 0 0 81 83 0 0 161 100 0 0 0 0 0 0 0 0 0 0 2 0 0 0 2 0 19 0 2 0 0 0 128 6 0 0 255 255 255 255 5 0 3 0 0 0 0 0 data 208 0x30005 0x0 0x1d932fe0 0xa6a 0x0 0x0 0x60005 0x0 0x1d932e80 0xa6a 0x0 0x0 0xb0005 0x0 0x1d5b9a30 0xa6a 0x0 0x0 0x120005 0x0 0x1d5b9ae0 0xbbe 0x0 0x0 0x170007 0xa6a 0x210 0x154 0x1b0005 0x0 0x1d5b9ae0 0x154 0x0 0x0 0x200004 0x0 0x1d5b9b90 0x154 0x0 0x0 0x280007 0x154 0xf8 0x0 0x2e0005 0x0 0x0 0x0 0x0 0x0 0x330005 0x0 0x0 0x0 0x0 0x0 0x3a0005 0x0 0x0 0x0 0x0 0x0 0x3f0007 0x0 0x38 0x0 0x420003 0x0 0x28 0x490002 0x0 0x500005 0x0 0x1d5b9b90 0x154 0x0 0x0 0x550005 0x0 0x1d932e80 0x154 0x0 0x0 0x5a0007 0x0 0xfffffffffffffdf8 0x154 0x5f0003 0x154 0xfffffffffffffdd8 0x630005 0x0 0x1d932fe0 0xa6a 0x0 0x0 0x660005 0x0 0x1d932e80 0xa6a 0x0 0x0 0x6b0005 0x0 0x1d5b9a30 0xa6a 0x0 0x0 0x720005 0x0 0x1d5b9ae0 0x145c 0x0 0x0 0x770007 0xa6a 0x2f0 0x9f2 0x7b0005 0x0 0x1d5b9ae0 0x9f2 0x0 0x0 0x800004 0x0 0x1d5b9b90 0x9f2 0x0 0x0 0x870007 0x9f2 0xc8 0x0 0x8c0005 0x0 0x0 0x0 0x0 0x0 0x910005 0x0 0x0 0x0 0x0 0x0 0x960007 0x0 0x38 0x0 0x990003 0x0 0x28 0xa00002 0x0 0xa60005 0x0 0x1d5b9b90 0x9f2 0x0 0x0 0xac0005 0x0 0x1d5b9b90 0x9f2 0x0 0x0 0xb10004 0x0 0x235d87d0 0x9f2 0x0 0x0 0xb40005 0x0 0x1d932e80 0x9f2 0x0 0x0 0xb90104 0x0 0x0 0x0 0x0 0x0 0xbf0007 0x9f2 0xa0 0x0 0xc50005 0x0 0x0 0x0 0x0 0x0 0xca0007 0x0 0x38 0x0 0xcd0003 0x0 0x30 0xd20003 0x0 0x18 0xdb0003 0x9f2 0xfffffffffffffcf8 oops 18 2 com/android/tools/r8/ir/code/r 8 com/android/tools/r8/n/a/a/a/g/B0 14 com/android/tools/r8/n/a/a/a/g/B0$e 20 com/android/tools/r8/n/a/a/a/g/B0$a 30 com/android/tools/r8/n/a/a/a/g/B0$a 36 com/android/tools/r8/n/a/a/a/g/B0$d 73 com/android/tools/r8/n/a/a/a/g/B0$d 79 com/android/tools/r8/n/a/a/a/g/B0 92 com/android/tools/r8/ir/code/r 98 com/android/tools/r8/n/a/a/a/g/B0 104 com/android/tools/r8/n/a/a/a/g/B0$e 110 com/android/tools/r8/n/a/a/a/g/B0$a 120 com/android/tools/r8/n/a/a/a/g/B0$a 126 com/android/tools/r8/n/a/a/a/g/B0$d 157 com/android/tools/r8/n/a/a/a/g/B0$d 163 com/android/tools/r8/n/a/a/a/g/B0$d 169 com/android/tools/r8/graph/DebugLocalInfo 175 com/android/tools/r8/n/a/a/a/g/B0
ciMethodData com/android/tools/r8/ir/code/BasicBlock A ()Lcom/android/tools/r8/ir/code/InstructionIterator; 2 7144 orig 264 88 131 212 90 0 0 0 0 216 158 49 37 0 0 0 0 48 1 0 0 0 0 0 0 0 0 0 0 0 0 0 0 0 0 0 0 0 0 0 0 0 0 0 0 0 0 0 0 0 0 0 0 0 0 0 0 0 0 0 0 0 0 0 0 0 0 0 0 0 0 0 0 0 0 0 0 0 0 0 0 77 68 79 32 101 120 116 114 97 32 100 97 116 97 32 108 111 99 107 0 0 0 0 0 0 0 0 0 0 0 0 0 0 0 0 0 0 0 0 0 0 0 0 0 0 0 0 0 0 0 0 0 0 0 0 0 0 0 0 0 0 0 0 0 0 0 0 0 0 0 0 0 0 0 0 0 0 0 0 0 0 0 0 0 0 0 0 0 0 0 0 0 0 0 0 0 0 0 0 0 0 0 0 0 0 0 0 0 0 0 0 0 0 0 0 0 0 0 0 0 0 0 0 0 0 0 0 0 0 0 0 0 0 0 0 0 130 1 0 0 49 211 0 0 1 0 0 0 0 0 0 0 0 0 0 0 2 0 0 0 0 0 14 0 2 0 0 0 16 0 0 0 255 255 255 255 2 0 5 0 0 0 0 0 data 2 0x50002 0x1a66 oops 0
ciMethod com/android/tools/r8/n/a/a/a/g/u0 a (ILjava/lang/Object;)Ljava/lang/Object; 0 0 1 0 -1
ciMethod com/android/tools/r8/n/a/a/a/g/u0 get (I)Ljava/lang/Object; 0 0 1 0 -1
ciMethod com/android/tools/r8/n/a/a/a/g/u0 remove (I)Ljava/lang/Object; 0 0 1 0 -1
ciMethod com/android/tools/r8/n/a/a/a/g/u0 c (I)Z 0 0 1 0 -1
ciMethod com/android/tools/r8/n/a/a/a/g/w0 d ()Lcom/android/tools/r8/n/a/a/a/h/q0; 0 0 1 0 -1
ciMethod com/android/tools/r8/n/a/a/a/g/j <init> ()V 3081 1 51066 0 0
ciMethod com/android/tools/r8/n/a/a/a/g/j putAll (Ljava/util/Map;)V 3105 7249 19967 0 0
ciMethod com/android/tools/r8/n/a/a/a/g/j entrySet ()Lcom/android/tools/r8/n/a/a/a/h/q0; 3073 1 9652 0 256
ciMethod com/android/tools/r8/n/a/a/a/g/j equals (Ljava/lang/Object;)Z 3233 1 9467 0 0
ciMethod com/android/tools/r8/n/a/a/a/g/j entrySet ()Ljava/util/Set; 4097 1 29442 0 0
ciMethod com/android/tools/r8/n/a/a/a/g/h <init> ()V 3081 1 51072 0 0
ciMethod com/android/tools/r8/n/a/a/a/g/h a (ILjava/lang/Object;)Ljava/lang/Object; 0 0 1 0 -1
ciMethod com/android/tools/r8/ir/optimize/CodeRewriter d (Lcom/android/tools/r8/ir/code/BasicBlock;)Z 3017 3297 629 0 -1
ciMethod com/android/tools/r8/ir/optimize/CodeRewriter b (Lcom/android/tools/r8/ir/code/BasicBlock;Lcom/android/tools/r8/ir/code/BasicBlock;)V 3225 12529 661 0 -1
ciMethod com/android/tools/r8/n/a/a/a/g/E0 getInt (I)I 0 0 1 0 -1
ciMethod com/android/tools/r8/ir/code/Value u ()Z 4097 1 33773 0 -1
ciMethod com/android/tools/r8/ir/code/Value needsRegister ()Z 2241 1 17849 0 64
ciMethod com/android/tools/r8/ir/code/Value w ()Z 3217 1 15269 0 -1
ciMethod com/android/tools/r8/ir/code/Goto I1 ()Lcom/android/tools/r8/ir/code/BasicBlock; 1817 1 7651 0 0
ciMethod com/android/tools/r8/ir/code/Goto x ()Lcom/android/tools/r8/ir/code/Goto; 4097 1 1539 0 0
ciMethod com/android/tools/r8/ir/code/IRCode removeBlocks (Ljava/util/Collection;)V 1737 1 5439 0 -1
ciMethod com/android/tools/r8/ir/code/IRCode instructionIterator ()Lcom/android/tools/r8/ir/code/InstructionIterator; 4097 1 8694 0 -1
ciMethod com/android/tools/r8/ir/code/IRCode listIterator ()Ljava/util/ListIterator; 4097 1 28183 0 -1
ciMethod com/android/tools/r8/n/a/a/a/g/B0 <init> (IF)V 3097 1 19891 0 1472
ciMethod com/android/tools/r8/n/a/a/a/g/B0 <init> ()V 1001 1 9571 0 -1
ciMethod com/android/tools/r8/n/a/a/a/g/B0 <init> (Lcom/android/tools/r8/n/a/a/a/g/w0;)V 3105 1 17727 0 0
ciMethod com/android/tools/r8/n/a/a/a/g/B0 e (I)Ljava/lang/Object; 5345 3537 668 0 0
ciMethod com/android/tools/r8/n/a/a/a/g/B0 c ()Ljava/lang/Object; 793 1 218 0 0
ciMethod com/android/tools/r8/n/a/a/a/g/B0 putAll (Ljava/util/Map;)V 3105 1 19967 0 0
ciMethod com/android/tools/r8/n/a/a/a/g/B0 a (ILjava/lang/Object;)Ljava/lang/Object; 4097 41 27487 0 3168
ciMethod com/android/tools/r8/n/a/a/a/g/B0 remove (I)Ljava/lang/Object; 5105 41 1036 0 0
ciMethod com/android/tools/r8/n/a/a/a/g/B0 size ()I 1097 1 137 0 0
ciMethod com/android/tools/r8/n/a/a/a/g/B0 d (I)V 121 913 761 0 -1
ciMethod com/android/tools/r8/n/a/a/a/g/B0 d ()Lcom/android/tools/r8/n/a/a/a/h/q0; 4097 1 12439 0 192
ciMethod com/android/tools/r8/n/a/a/a/g/w0$a d ()I 0 0 1 0 -1
ciMethod com/android/tools/r8/ir/code/s s ()Lcom/android/tools/r8/ir/code/s; 4097 1 1543 0 0
ciMethod com/android/tools/r8/ir/code/BasicBlock n ()Lcom/android/tools/r8/n/a/a/a/g/w0; 1041 1 130 0 0
ciMethod com/android/tools/r8/ir/code/BasicBlock getSuccessors ()Ljava/util/List; 3073 1 63830 0 288
ciMethod com/android/tools/r8/ir/code/BasicBlock getPredecessors ()Ljava/util/List; 2097 1 163747 0 288
ciMethod com/android/tools/r8/ir/code/BasicBlock getMutablePredecessors ()Ljava/util/List; 3553 1 11508 0 -1
ciMethod com/android/tools/r8/ir/code/BasicBlock b (Lcom/android/tools/r8/ir/code/BasicBlock;Lcom/android/tools/r8/ir/code/BasicBlock;)V 481 1 1226 0 -1
ciMethod com/android/tools/r8/ir/code/BasicBlock getInstructions ()Ljava/util/LinkedList; 1025 1 128 0 0
ciMethod com/android/tools/r8/ir/code/BasicBlock exit ()Lcom/android/tools/r8/ir/code/JumpInstruction; 4097 1 5716 0 320
ciMethod com/android/tools/r8/ir/code/BasicBlock isTrivialGoto ()Z 4097 1 19104 0 -1
ciMethod com/android/tools/r8/ir/code/BasicBlock A ()Lcom/android/tools/r8/ir/code/InstructionIterator; 3089 1 7127 0 -1
ciMethod com/android/tools/r8/ir/code/BasicBlock listIterator ()Lcom/android/tools/r8/ir/code/InstructionListIterator; 2025 1 74692 0 -1
ciMethod com/android/tools/r8/ir/code/Position none ()Lcom/android/tools/r8/ir/code/Position; 2737 1 3807 0 0
ciMethod com/android/tools/r8/ir/code/Position c ()Z 3393 1 37482 0 -1
ciMethod com/android/tools/r8/ir/code/Position equals (Ljava/lang/Object;)Z 3353 1 7132 0 128
ciMethod com/android/tools/r8/n/a/a/a/g/B0$f <init> (Lcom/android/tools/r8/n/a/a/a/g/B0;Lcom/android/tools/r8/n/a/a/a/g/A0;)V 4097 1 45298 0 0
ciMethod com/android/tools/r8/n/a/a/a/g/B0$f hasNext ()Z 3137 1 8466 0 64
ciMethod com/android/tools/r8/n/a/a/a/g/B0$f a ()I 3137 5137 5771 0 384
ciMethod com/android/tools/r8/ir/code/f <init> (Lcom/android/tools/r8/ir/code/BasicBlock;)V 2209 1 82726 0 -1
ciMethod com/android/tools/r8/ir/code/f hasNext ()Z 2201 1 63303 0 128
ciMethod com/android/tools/r8/ir/code/f next ()Lcom/android/tools/r8/ir/code/Instruction; 2329 1 58164 0 0
ciMethod com/android/tools/r8/ir/code/f next ()Ljava/lang/Object; 2329 1 58163 0 384
ciMethod com/android/tools/r8/ir/code/B <init> (Lcom/android/tools/r8/ir/code/IRCode;)V 4097 1 8735 0 -1
ciMethod com/android/tools/r8/ir/code/B hasNext ()Z 3425 1 68279 0 -1
ciMethod com/android/tools/r8/ir/code/B remove ()V 4097 1 8509 0 -1
ciMethod com/android/tools/r8/ir/code/B next ()Ljava/lang/Object; 2089 1 5772 0 -1
ciMethod com/android/tools/r8/ir/code/g <init> (Lcom/android/tools/r8/ir/code/IRCode;)V 4097 1 28308 0 -1
ciMethod com/android/tools/r8/ir/code/g hasNext ()Z 3081 1 31160 0 -1
ciMethod com/android/tools/r8/ir/code/g next ()Ljava/lang/Object; 3073 1 38066 0 -1
ciMethodData com/android/tools/r8/ir/code/f hasNext ()Z 2 63303 orig 264 88 131 212 90 0 0 0 0 88 185 53 37 0 0 0 0 120 1 0 0 0 0 0 0 0 0 0 0 0 0 0 0 0 0 0 0 0 0 0 0 0 0 0 0 0 0 0 0 0 0 0 0 0 0 0 0 0 0 0 0 0 0 0 0 0 0 0 0 0 0 0 0 0 0 0 0 0 0 0 0 77 68 79 32 101 120 116 114 97 32 100 97 116 97 32 108 111 99 107 0 0 0 0 0 0 0 0 0 0 0 0 0 0 0 0 0 0 0 0 0 0 0 0 0 0 0 0 0 0 0 0 0 0 0 0 0 0 0 0 0 0 0 0 0 0 0 0 0 0 0 0 0 0 0 0 0 0 0 0 0 0 0 0 0 0 0 0 0 0 0 0 0 0 0 0 0 0 0 0 0 0 0 0 0 0 0 0 0 0 0 0 0 0 0 0 0 0 0 0 0 0 0 0 0 0 0 0 0 0 0 0 0 0 0 0 0 19 1 0 0 161 177 7 0 1 0 0 0 0 0 0 0 0 0 0 0 2 0 0 0 0 0 3 0 2 0 0 0 48 0 0 0 255 255 255 255 5 0 4 0 0 0 0 0 data 6 0x40005 0x0 0x26918e00 0xf633 0x0 0x0 oops 1 2 java/util/LinkedList$ListItr
ciMethodData com/android/tools/r8/ir/code/f next ()Ljava/lang/Object; 2 58163 orig 264 88 131 212 90 0 0 0 0 24 214 53 37 0 0 0 0 120 1 0 0 0 0 0 0 0 0 0 0 0 0 0 0 0 0 0 0 0 0 0 0 0 0 0 0 0 0 0 0 0 0 0 0 0 0 0 0 0 0 0 0 0 0 0 0 0 0 0 0 0 0 0 0 0 0 0 0 0 0 0 0 77 68 79 32 101 120 116 114 97 32 100 97 116 97 32 108 111 99 107 0 0 0 0 0 0 0 0 0 0 0 0 0 0 0 0 0 0 0 0 0 0 0 0 0 0 0 0 0 0 0 0 0 0 0 0 0 0 0 0 0 0 0 0 0 0 0 0 0 0 0 0 0 0 0 0 0 0 0 0 0 0 0 0 0 0 0 0 0 0 0 0 0 0 0 0 0 0 0 0 0 0 0 0 0 0 0 0 0 0 0 0 0 0 0 0 0 0 0 0 0 0 0 0 0 0 0 0 0 0 0 0 0 0 0 0 0 35 1 0 0 129 16 7 0 1 0 0 0 0 0 0 0 0 0 0 0 2 0 0 0 0 0 3 0 2 0 0 0 48 0 0 0 255 255 255 255 5 0 1 0 0 0 0 0 data 6 0x10005 0x0 0x1d932bc0 0xe20f 0x0 0x0 oops 1 2 com/android/tools/r8/ir/code/f
ciMethodData com/android/tools/r8/ir/code/f next ()Lcom/android/tools/r8/ir/code/Instruction; 2 58164 orig 264 88 131 212 90 0 0 0 0 248 185 53 37 0 0 0 0 168 1 0 0 0 0 0 0 0 0 0 0 0 0 0 0 0 0 0 0 0 0 0 0 0 0 0 0 0 0 0 0 0 0 0 0 0 0 0 0 0 0 0 0 0 0 0 0 0 0 0 0 0 0 0 0 0 0 0 0 0 0 0 0 77 68 79 32 101 120 116 114 97 32 100 97 116 97 32 108 111 99 107 0 0 0 0 0 0 0 0 0 0 0 0 0 0 0 0 0 0 0 0 0 0 0 0 0 0 0 0 0 0 0 0 0 0 0 0 0 0 0 0 0 0 0 0 0 0 0 0 0 0 0 0 0 0 0 0 0 0 0 0 0 0 0 0 0 0 0 0 0 0 0 0 0 0 0 0 0 0 0 0 0 0 0 0 0 0 0 0 0 0 0 0 0 0 0 0 0 0 0 0 0 0 0 0 0 0 0 0 0 0 0 0 0 0 0 0 0 35 1 0 0 137 16 7 0 1 0 0 0 0 0 0 0 0 0 0 0 2 0 0 0 0 0 3 0 2 0 0 0 96 0 0 0 255 255 255 255 5 0 6 0 0 0 0 0 data 12 0x60005 0x0 0x26918e00 0xe211 0x0 0x0 0xb0004 0x0 0x1d932c70 0x15c3 0x1d932a60 0x35c2 oops 3 2 java/util/LinkedList$ListItr 8 com/android/tools/r8/ir/code/Argument 10 com/android/tools/r8/ir/code/s
ciMethod com/android/tools/r8/ir/code/r I1 ()Lcom/android/tools/r8/n/a/a/a/g/w0; 1025 1 128 0 0
ciMethod com/android/tools/r8/ir/code/r J1 ()Lcom/android/tools/r8/n/a/a/a/g/w0; 1025 1 128 0 0
ciMethod com/android/tools/r8/ir/code/r r ()Lcom/android/tools/r8/ir/code/r; 3297 1 1452 0 0
ciMethod com/android/tools/r8/ir/code/r a (Lcom/android/tools/r8/n/a/a/a/g/w0;)Z 369 385 2712 0 0
ciMethod com/android/tools/r8/n/a/a/a/g/B0$e <init> (Lcom/android/tools/r8/n/a/a/a/g/B0;)V 2881 1 6800 0 0
ciMethod com/android/tools/r8/n/a/a/a/g/B0$e <init> (Lcom/android/tools/r8/n/a/a/a/g/B0;Lcom/android/tools/r8/n/a/a/a/g/A0;)V 139361 1 23774 0 0
ciMethod com/android/tools/r8/n/a/a/a/g/B0$e iterator ()Lcom/android/tools/r8/n/a/a/a/h/l0; 4097 1 40512 0 0
ciMethod com/android/tools/r8/n/a/a/a/g/B0$e contains (Ljava/lang/Object;)Z 4097 137 37060 0 0
ciMethod com/android/tools/r8/n/a/a/a/g/B0$e iterator ()Ljava/util/Iterator; 4097 1 29442 0 0
ciMethod com/android/tools/r8/n/a/a/a/h/o <init> ()V 4017 1 10717 0 0
ciMethod com/android/tools/r8/n/a/a/a/h/l <init> ()V 4017 1 10717 0 0
ciMethod com/android/tools/r8/n/a/a/a/g/B0$a <init> (Lcom/android/tools/r8/n/a/a/a/g/B0;Lcom/android/tools/r8/n/a/a/a/g/A0;)V 4097 1 40512 0 0
ciMethod com/android/tools/r8/n/a/a/a/g/B0$a next ()Ljava/lang/Object; 4097 1 5673 0 608
ciMethod com/android/tools/r8/n/a/a/a/g/B0$d <init> (Lcom/android/tools/r8/n/a/a/a/g/B0;I)V 4097 1 5673 0 0
ciMethod com/android/tools/r8/n/a/a/a/g/B0$d d ()I 4097 1 1536 0 0
ciMethod com/android/tools/r8/n/a/a/a/g/B0$d getValue ()Ljava/lang/Object; 2305 1 1378 0 0
ciMethod com/android/tools/r8/n/a/a/a/g/B0$d getKey ()Ljava/lang/Object; 3097 1 5541 0 256
ciMethod com/android/tools/r8/ir/conversion/I a (Lcom/android/tools/r8/ir/code/IRCode;)V 1201 33817 1738 0 -1
ciMethodData com/android/tools/r8/ir/code/Instruction p0 ()Lcom/android/tools/r8/ir/code/Position; 2 124898 orig 264 88 131 212 90 0 0 0 0 168 125 213 36 0 0 0 0 136 1 0 0 64 0 0 0 0 0 0 0 0 0 0 0 0 0 0 0 0 0 0 0 0 0 0 0 0 0 0 0 0 0 0 0 0 0 0 0 0 0 0 0 0 0 0 0 0 0 0 0 0 0 0 0 0 0 0 0 0 0 0 0 77 68 79 32 101 120 116 114 97 32 100 97 116 97 32 108 111 99 107 0 0 0 0 0 0 0 0 0 0 0 0 0 0 0 0 0 0 0 0 0 0 0 0 0 0 0 0 0 0 0 0 0 0 0 0 0 0 0 0 0 0 0 0 0 0 0 0 0 0 0 0 0 0 0 0 0 0 0 0 0 0 0 0 0 0 0 0 0 0 0 0 0 0 0 0 0 0 0 0 0 0 0 0 0 0 0 0 0 0 0 0 0 0 0 0 0 0 0 0 0 0 0 0 0 0 0 0 0 0 0 0 0 0 0 0 0 2 1 0 0 1 55 15 0 1 0 0 0 0 0 0 0 0 0 0 0 2 0 0 0 0 0 4 0 2 0 0 0 104 0 0 0 255 255 255 255 7 0 3 0 0 0 0 0 data 13 0x30007 0x1e6e0 0x68 0x0 0xa0007 0x0 0x38 0x0 0xd0003 0x0 0x28 0x140002 0x0 oops 0
ciMethodData com/android/tools/r8/ir/code/B next ()Ljava/lang/Object; 2 5772 orig 264 88 131 212 90 0 0 0 0 104 65 54 37 0 0 0 0 248 3 0 0 48 2 0 0 0 0 0 0 0 0 0 0 0 0 0 0 0 0 0 0 0 0 0 0 0 0 0 0 0 0 0 0 0 0 0 0 0 0 0 0 0 0 0 0 0 0 0 0 0 0 0 0 0 0 0 0 0 0 0 0 77 68 79 32 101 120 116 114 97 32 100 97 116 97 32 108 111 99 107 0 0 0 0 0 0 0 0 0 0 0 0 0 0 0 0 0 0 0 0 0 0 0 0 0 0 0 0 0 0 0 0 0 0 0 0 0 0 0 0 0 0 0 0 0 0 0 0 0 0 0 0 0 0 0 0 0 0 0 0 0 0 0 0 0 0 0 0 0 0 0 0 0 0 0 0 0 0 0 0 0 0 0 0 0 0 0 0 0 0 0 0 0 0 0 0 0 0 0 0 0 0 0 0 0 0 0 0 0 0 0 0 0 0 0 0 0 5 1 0 0 57 172 0 0 1 0 0 0 0 0 0 0 0 0 0 0 2 0 0 0 0 0 9 0 2 0 0 0 176 2 0 0 255 255 255 255 5 0 4 0 0 0 0 0 data 86 0x40005 0x0 0x1d932bc0 0x1587 0x0 0x0 0x90007 0x1d7 0x98 0x13b0 0x100005 0x0 0x1d932bc0 0x13b0 0x0 0x0 0x150004 0x0 0x1d932c70 0x399 0x1d932a60 0x189 0x190003 0x13b0 0x1f0 0x200005 0x0 0x1d933400 0x1d7 0x0 0x0 0x250007 0x0 0x1a8 0x1d7 0x2d0005 0x0 0x1d933400 0x1d7 0x0 0x0 0x320004 0x0 0x1d9326f0 0x1d7 0x0 0x0 0x350005 0x0 0x1d9326f0 0x1d7 0x0 0x0 0x3e0007 0x1d7 0x98 0x0 0x450005 0x0 0x0 0x0 0x0 0x0 0x4a0007 0x0 0x38 0x0 0x4d0003 0x0 0x28 0x540002 0x0 0x5c0005 0x0 0x1d932bc0 0x1d7 0x0 0x0 0x610004 0x0 0x1d932a60 0xd8 0x1d933090 0x5a 0x6b0002 0x0 oops 11 2 com/android/tools/r8/ir/code/f 12 com/android/tools/r8/ir/code/f 18 com/android/tools/r8/ir/code/Argument 20 com/android/tools/r8/ir/code/s 27 com/android/tools/r8/ir/code/g 37 com/android/tools/r8/ir/code/g 43 com/android/tools/r8/ir/code/BasicBlock 49 com/android/tools/r8/ir/code/BasicBlock 74 com/android/tools/r8/ir/code/f 80 com/android/tools/r8/ir/code/s 82 com/android/tools/r8/ir/code/H
ciMethodData com/android/tools/r8/ir/code/f <init> (Lcom/android/tools/r8/ir/code/BasicBlock;)V 0 0 orig 264 88 131 212 90 0 0 0 0 8 173 53 37 0 0 0 0 192 1 0 0 0 0 0 0 0 0 0 0 0 0 0 0 0 0 0 0 0 0 0 0 0 0 0 0 0 0 0 0 0 0 0 0 0 0 0 0 0 0 0 0 0 0 0 0 0 0 0 0 0 0 0 0 0 0 0 0 0 0 0 0 77 68 79 32 101 120 116 114 97 32 100 97 116 97 32 108 111 99 107 0 0 0 0 0 0 0 0 0 0 0 0 0 0 0 0 0 0 0 0 0 0 0 0 0 0 0 0 0 0 0 0 0 0 0 0 0 0 0 0 0 0 0 0 0 0 0 0 0 0 0 0 0 0 0 0 0 0 0 0 0 0 0 0 0 0 0 0 0 0 0 0 0 0 0 0 0 0 0 0 0 0 0 0 0 0 0 0 0 0 0 0 0 0 0 0 0 0 0 0 0 0 0 0 0 0 0 0 0 0 0 0 0 0 0 0 0 20 1 0 0 145 16 10 0 1 0 0 0 0 0 0 0 0 0 0 0 2 0 0 0 0 0 13 0 2 0 0 0 112 0 0 0 255 255 255 255 2 0 6 0 0 0 0 0 data 14 0x60002 0x14212 0x100005 0x0 0x1d9326f0 0x14212 0x0 0x0 0x130005 0x16 0x1d932640 0x141fb 0xeed735f0 0x1 oops 3 4 com/android/tools/r8/ir/code/BasicBlock 10 java/util/LinkedList